<?xml version="1.0" encoding="UTF-8"?>
<testsuite xmlns:xsi="http://www.w3.org/2001/XMLSchema-instance" xsi:noNamespaceSchemaLocation="https://maven.apache.org/surefire/maven-surefire-plugin/xsd/surefire-test-report-3.0.xsd" version="3.0" name="com.June.CourierNetwork.CourierNetworkApplicationTests" time="24.073" tests="1" errors="0" skipped="0" failures="0">
  <properties>
    <property name="java.specification.version" value="17"/>
    <property name="sun.jnu.encoding" value="UTF-8"/>
    <property name="java.class.path" value="/Users/shemarlundy/Desktop/Backend-Infrastructure/target/test-classes:/Users/shemarlundy/Desktop/Backend-Infrastructure/target/classes:/Users/shemarlundy/.m2/repository/org/springframework/boot/spring-boot-starter-security/3.1.2/spring-boot-starter-security-3.1.2.jar:/Users/shemarlundy/.m2/repository/org/springframework/boot/spring-boot-starter/3.1.2/spring-boot-starter-3.1.2.jar:/Users/shemarlundy/.m2/repository/org/springframework/boot/spring-boot/3.1.2/spring-boot-3.1.2.jar:/Users/shemarlundy/.m2/repository/org/springframework/boot/spring-boot-autoconfigure/3.1.2/spring-boot-autoconfigure-3.1.2.jar:/Users/shemarlundy/.m2/repository/org/springframework/boot/spring-boot-starter-logging/3.1.2/spring-boot-starter-logging-3.1.2.jar:/Users/shemarlundy/.m2/repository/ch/qos/logback/logback-classic/1.4.8/logback-classic-1.4.8.jar:/Users/shemarlundy/.m2/repository/ch/qos/logback/logback-core/1.4.8/logback-core-1.4.8.jar:/Users/shemarlundy/.m2/repository/org/apache/logging/log4j/log4j-to-slf4j/2.20.0/log4j-to-slf4j-2.20.0.jar:/Users/shemarlundy/.m2/repository/org/slf4j/jul-to-slf4j/2.0.7/jul-to-slf4j-2.0.7.jar:/Users/shemarlundy/.m2/repository/jakarta/annotation/jakarta.annotation-api/2.1.1/jakarta.annotation-api-2.1.1.jar:/Users/shemarlundy/.m2/repository/org/springframework/spring-aop/6.0.11/spring-aop-6.0.11.jar:/Users/shemarlundy/.m2/repository/org/springframework/security/spring-security-web/6.1.2/spring-security-web-6.1.2.jar:/Users/shemarlundy/.m2/repository/org/springframework/spring-expression/6.0.11/spring-expression-6.0.11.jar:/Users/shemarlundy/.m2/repository/org/springframework/security/spring-security-config/6.0.2/spring-security-config-6.0.2.jar:/Users/shemarlundy/.m2/repository/org/springframework/security/spring-security-core/6.1.2/spring-security-core-6.1.2.jar:/Users/shemarlundy/.m2/repository/org/springframework/security/spring-security-crypto/6.1.2/spring-security-crypto-6.1.2.jar:/Users/shemarlundy/.m2/repository/io/micrometer/micrometer-observation/1.11.2/micrometer-observation-1.11.2.jar:/Users/shemarlundy/.m2/repository/io/micrometer/micrometer-commons/1.11.2/micrometer-commons-1.11.2.jar:/Users/shemarlundy/.m2/repository/org/springframework/spring-beans/6.0.11/spring-beans-6.0.11.jar:/Users/shemarlundy/.m2/repository/org/springframework/spring-context/6.0.11/spring-context-6.0.11.jar:/Users/shemarlundy/.m2/repository/org/springframework/spring-core/6.0.11/spring-core-6.0.11.jar:/Users/shemarlundy/.m2/repository/org/springframework/spring-jcl/6.0.11/spring-jcl-6.0.11.jar:/Users/shemarlundy/.m2/repository/org/springframework/boot/spring-boot-starter-web/3.1.2/spring-boot-starter-web-3.1.2.jar:/Users/shemarlundy/.m2/repository/org/springframework/boot/spring-boot-starter-json/3.1.2/spring-boot-starter-json-3.1.2.jar:/Users/shemarlundy/.m2/repository/com/fasterxml/jackson/datatype/jackson-datatype-jdk8/2.15.2/jackson-datatype-jdk8-2.15.2.jar:/Users/shemarlundy/.m2/repository/com/fasterxml/jackson/datatype/jackson-datatype-jsr310/2.15.2/jackson-datatype-jsr310-2.15.2.jar:/Users/shemarlundy/.m2/repository/com/fasterxml/jackson/module/jackson-module-parameter-names/2.15.2/jackson-module-parameter-names-2.15.2.jar:/Users/shemarlundy/.m2/repository/org/springframework/boot/spring-boot-starter-tomcat/3.1.2/spring-boot-starter-tomcat-3.1.2.jar:/Users/shemarlundy/.m2/repository/org/apache/tomcat/embed/tomcat-embed-core/10.1.11/tomcat-embed-core-10.1.11.jar:/Users/shemarlundy/.m2/repository/org/apache/tomcat/embed/tomcat-embed-el/10.1.11/tomcat-embed-el-10.1.11.jar:/Users/shemarlundy/.m2/repository/org/apache/tomcat/embed/tomcat-embed-websocket/10.1.11/tomcat-embed-websocket-10.1.11.jar:/Users/shemarlundy/.m2/repository/org/springframework/spring-web/6.0.11/spring-web-6.0.11.jar:/Users/shemarlundy/.m2/repository/org/springframework/spring-webmvc/6.0.11/spring-webmvc-6.0.11.jar:/Users/shemarlundy/.m2/repository/org/springframework/boot/spring-boot-starter-data-jpa/3.1.2/spring-boot-starter-data-jpa-3.1.2.jar:/Users/shemarlundy/.m2/repository/org/springframework/boot/spring-boot-starter-aop/3.1.2/spring-boot-starter-aop-3.1.2.jar:/Users/shemarlundy/.m2/repository/org/aspectj/aspectjweaver/1.9.19/aspectjweaver-1.9.19.jar:/Users/shemarlundy/.m2/repository/org/springframework/boot/spring-boot-starter-jdbc/3.1.2/spring-boot-starter-jdbc-3.1.2.jar:/Users/shemarlundy/.m2/repository/com/zaxxer/HikariCP/5.0.1/HikariCP-5.0.1.jar:/Users/shemarlundy/.m2/repository/org/springframework/spring-jdbc/6.0.11/spring-jdbc-6.0.11.jar:/Users/shemarlundy/.m2/repository/org/hibernate/orm/hibernate-core/6.2.6.Final/hibernate-core-6.2.6.Final.jar:/Users/shemarlundy/.m2/repository/jakarta/persistence/jakarta.persistence-api/3.1.0/jakarta.persistence-api-3.1.0.jar:/Users/shemarlundy/.m2/repository/jakarta/transaction/jakarta.transaction-api/2.0.1/jakarta.transaction-api-2.0.1.jar:/Users/shemarlundy/.m2/repository/org/jboss/logging/jboss-logging/3.5.3.Final/jboss-logging-3.5.3.Final.jar:/Users/shemarlundy/.m2/repository/org/hibernate/common/hibernate-commons-annotations/6.0.6.Final/hibernate-commons-annotations-6.0.6.Final.jar:/Users/shemarlundy/.m2/repository/io/smallrye/jandex/3.0.5/jandex-3.0.5.jar:/Users/shemarlundy/.m2/repository/com/fasterxml/classmate/1.5.1/classmate-1.5.1.jar:/Users/shemarlundy/.m2/repository/net/bytebuddy/byte-buddy/1.14.5/byte-buddy-1.14.5.jar:/Users/shemarlundy/.m2/repository/org/glassfish/jaxb/jaxb-runtime/4.0.3/jaxb-runtime-4.0.3.jar:/Users/shemarlundy/.m2/repository/org/glassfish/jaxb/jaxb-core/4.0.3/jaxb-core-4.0.3.jar:/Users/shemarlundy/.m2/repository/org/eclipse/angus/angus-activation/2.0.1/angus-activation-2.0.1.jar:/Users/shemarlundy/.m2/repository/org/glassfish/jaxb/txw2/4.0.3/txw2-4.0.3.jar:/Users/shemarlundy/.m2/repository/com/sun/istack/istack-commons-runtime/4.1.2/istack-commons-runtime-4.1.2.jar:/Users/shemarlundy/.m2/repository/jakarta/inject/jakarta.inject-api/2.0.1/jakarta.inject-api-2.0.1.jar:/Users/shemarlundy/.m2/repository/org/antlr/antlr4-runtime/4.10.1/antlr4-runtime-4.10.1.jar:/Users/shemarlundy/.m2/repository/org/springframework/data/spring-data-jpa/3.1.2/spring-data-jpa-3.1.2.jar:/Users/shemarlundy/.m2/repository/org/springframework/data/spring-data-commons/3.1.2/spring-data-commons-3.1.2.jar:/Users/shemarlundy/.m2/repository/org/springframework/spring-orm/6.0.11/spring-orm-6.0.11.jar:/Users/shemarlundy/.m2/repository/org/springframework/spring-tx/6.0.11/spring-tx-6.0.11.jar:/Users/shemarlundy/.m2/repository/org/slf4j/slf4j-api/2.0.7/slf4j-api-2.0.7.jar:/Users/shemarlundy/.m2/repository/org/springframework/spring-aspects/6.0.11/spring-aspects-6.0.11.jar:/Users/shemarlundy/.m2/repository/org/liquibase/liquibase-core/4.20.0/liquibase-core-4.20.0.jar:/Users/shemarlundy/.m2/repository/javax/xml/bind/jaxb-api/2.3.1/jaxb-api-2.3.1.jar:/Users/shemarlundy/.m2/repository/javax/activation/javax.activation-api/1.2.0/javax.activation-api-1.2.0.jar:/Users/shemarlundy/.m2/repository/org/yaml/snakeyaml/1.33/snakeyaml-1.33.jar:/Users/shemarlundy/.m2/repository/com/opencsv/opencsv/5.7.1/opencsv-5.7.1.jar:/Users/shemarlundy/.m2/repository/org/apache/commons/commons-text/1.10.0/commons-text-1.10.0.jar:/Users/shemarlundy/.m2/repository/org/apache/commons/commons-collections4/4.4/commons-collections4-4.4.jar:/Users/shemarlundy/.m2/repository/org/projectlombok/lombok/1.18.28/lombok-1.18.28.jar:/Users/shemarlundy/.m2/repository/org/mindrot/jbcrypt/0.4/jbcrypt-0.4.jar:/Users/shemarlundy/.m2/repository/javax/validation/validation-api/2.0.1.Final/validation-api-2.0.1.Final.jar:/Users/shemarlundy/.m2/repository/io/jsonwebtoken/jjwt-api/0.11.5/jjwt-api-0.11.5.jar:/Users/shemarlundy/.m2/repository/io/jsonwebtoken/jjwt-impl/0.11.5/jjwt-impl-0.11.5.jar:/Users/shemarlundy/.m2/repository/org/springdoc/springdoc-openapi-starter-webmvc-ui/2.2.0/springdoc-openapi-starter-webmvc-ui-2.2.0.jar:/Users/shemarlundy/.m2/repository/org/springdoc/springdoc-openapi-starter-webmvc-api/2.2.0/springdoc-openapi-starter-webmvc-api-2.2.0.jar:/Users/shemarlundy/.m2/repository/org/springdoc/springdoc-openapi-starter-common/2.2.0/springdoc-openapi-starter-common-2.2.0.jar:/Users/shemarlundy/.m2/repository/io/swagger/core/v3/swagger-core-jakarta/2.2.15/swagger-core-jakarta-2.2.15.jar:/Users/shemarlundy/.m2/repository/io/swagger/core/v3/swagger-annotations-jakarta/2.2.15/swagger-annotations-jakarta-2.2.15.jar:/Users/shemarlundy/.m2/repository/io/swagger/core/v3/swagger-models-jakarta/2.2.15/swagger-models-jakarta-2.2.15.jar:/Users/shemarlundy/.m2/repository/jakarta/validation/jakarta.validation-api/3.0.2/jakarta.validation-api-3.0.2.jar:/Users/shemarlundy/.m2/repository/com/fasterxml/jackson/dataformat/jackson-dataformat-yaml/2.15.2/jackson-dataformat-yaml-2.15.2.jar:/Users/shemarlundy/.m2/repository/org/webjars/swagger-ui/5.2.0/swagger-ui-5.2.0.jar:/Users/shemarlundy/.m2/repository/io/jsonwebtoken/jjwt-jackson/0.11.5/jjwt-jackson-0.11.5.jar:/Users/shemarlundy/.m2/repository/com/fasterxml/jackson/core/jackson-databind/2.15.2/jackson-databind-2.15.2.jar:/Users/shemarlundy/.m2/repository/com/fasterxml/jackson/core/jackson-annotations/2.15.2/jackson-annotations-2.15.2.jar:/Users/shemarlundy/.m2/repository/com/fasterxml/jackson/core/jackson-core/2.15.2/jackson-core-2.15.2.jar:/Users/shemarlundy/.m2/repository/org/apache/commons/commons-lang3/3.12.0/commons-lang3-3.12.0.jar:/Users/shemarlundy/.m2/repository/com/mysql/mysql-connector-j/8.0.33/mysql-connector-j-8.0.33.jar:/Users/shemarlundy/.m2/repository/org/springframework/boot/spring-boot-starter-test/3.1.2/spring-boot-starter-test-3.1.2.jar:/Users/shemarlundy/.m2/repository/org/springframework/boot/spring-boot-test/3.1.2/spring-boot-test-3.1.2.jar:/Users/shemarlundy/.m2/repository/org/springframework/boot/spring-boot-test-autoconfigure/3.1.2/spring-boot-test-autoconfigure-3.1.2.jar:/Users/shemarlundy/.m2/repository/com/jayway/jsonpath/json-path/2.8.0/json-path-2.8.0.jar:/Users/shemarlundy/.m2/repository/jakarta/xml/bind/jakarta.xml.bind-api/4.0.0/jakarta.xml.bind-api-4.0.0.jar:/Users/shemarlundy/.m2/repository/jakarta/activation/jakarta.activation-api/2.1.2/jakarta.activation-api-2.1.2.jar:/Users/shemarlundy/.m2/repository/net/minidev/json-smart/2.4.11/json-smart-2.4.11.jar:/Users/shemarlundy/.m2/repository/net/minidev/accessors-smart/2.4.11/accessors-smart-2.4.11.jar:/Users/shemarlundy/.m2/repository/org/ow2/asm/asm/9.3/asm-9.3.jar:/Users/shemarlundy/.m2/repository/org/assertj/assertj-core/3.24.2/assertj-core-3.24.2.jar:/Users/shemarlundy/.m2/repository/org/hamcrest/hamcrest/2.2/hamcrest-2.2.jar:/Users/shemarlundy/.m2/repository/org/junit/jupiter/junit-jupiter/5.9.3/junit-jupiter-5.9.3.jar:/Users/shemarlundy/.m2/repository/org/junit/jupiter/junit-jupiter-api/5.9.3/junit-jupiter-api-5.9.3.jar:/Users/shemarlundy/.m2/repository/org/opentest4j/opentest4j/1.2.0/opentest4j-1.2.0.jar:/Users/shemarlundy/.m2/repository/org/junit/platform/junit-platform-commons/1.9.3/junit-platform-commons-1.9.3.jar:/Users/shemarlundy/.m2/repository/org/apiguardian/apiguardian-api/1.1.2/apiguardian-api-1.1.2.jar:/Users/shemarlundy/.m2/repository/org/junit/jupiter/junit-jupiter-params/5.9.3/junit-jupiter-params-5.9.3.jar:/Users/shemarlundy/.m2/repository/org/junit/jupiter/junit-jupiter-engine/5.9.3/junit-jupiter-engine-5.9.3.jar:/Users/shemarlundy/.m2/repository/org/junit/platform/junit-platform-engine/1.9.3/junit-platform-engine-1.9.3.jar:/Users/shemarlundy/.m2/repository/org/mockito/mockito-core/5.3.1/mockito-core-5.3.1.jar:/Users/shemarlundy/.m2/repository/net/bytebuddy/byte-buddy-agent/1.14.5/byte-buddy-agent-1.14.5.jar:/Users/shemarlundy/.m2/repository/org/objenesis/objenesis/3.3/objenesis-3.3.jar:/Users/shemarlundy/.m2/repository/org/mockito/mockito-junit-jupiter/5.3.1/mockito-junit-jupiter-5.3.1.jar:/Users/shemarlundy/.m2/repository/org/skyscreamer/jsonassert/1.5.1/jsonassert-1.5.1.jar:/Users/shemarlundy/.m2/repository/com/vaadin/external/google/android-json/0.0.20131108.vaadin1/android-json-0.0.20131108.vaadin1.jar:/Users/shemarlundy/.m2/repository/org/springframework/spring-test/6.0.11/spring-test-6.0.11.jar:/Users/shemarlundy/.m2/repository/org/xmlunit/xmlunit-core/2.9.1/xmlunit-core-2.9.1.jar:/Users/shemarlundy/.m2/repository/org/springframework/security/spring-security-test/6.1.2/spring-security-test-6.1.2.jar:/Users/shemarlundy/.m2/repository/org/apache/logging/log4j/log4j-api/2.14.1/log4j-api-2.14.1.jar:/Users/shemarlundy/.m2/repository/org/apache/logging/log4j/log4j-core/2.14.1/log4j-core-2.14.1.jar:"/>
    <property name="java.vm.vendor" value="Amazon.com Inc."/>
    <property name="sun.arch.data.model" value="64"/>
    <property name="java.vendor.url" value="https://aws.amazon.com/corretto/"/>
    <property name="user.timezone" value="America/Jamaica"/>
    <property name="org.jboss.logging.provider" value="slf4j"/>
    <property name="os.name" value="Mac OS X"/>
    <property name="java.vm.specification.version" value="17"/>
    <property name="sun.java.launcher" value="SUN_STANDARD"/>
    <property name="user.country" value="US"/>
    <property name="sun.boot.library.path" value="/Users/shemarlundy/Library/Java/JavaVirtualMachines/corretto-17.0.9/Contents/Home/lib"/>
    <property name="sun.java.command" value="/Users/shemarlundy/Desktop/Backend-Infrastructure/target/surefire/surefirebooter-20231103202510033_3.jar /Users/shemarlundy/Desktop/Backend-Infrastructure/target/surefire 2023-11-03T20-25-09_756-jvmRun1 surefire-20231103202510033_1tmp surefire_0-20231103202510033_2tmp"/>
    <property name="http.nonProxyHosts" value="local|*.local|169.254/16|*.169.254/16"/>
    <property name="jdk.debug" value="release"/>
    <property name="surefire.test.class.path" value="/Users/shemarlundy/Desktop/Backend-Infrastructure/target/test-classes:/Users/shemarlundy/Desktop/Backend-Infrastructure/target/classes:/Users/shemarlundy/.m2/repository/org/springframework/boot/spring-boot-starter-security/3.1.2/spring-boot-starter-security-3.1.2.jar:/Users/shemarlundy/.m2/repository/org/springframework/boot/spring-boot-starter/3.1.2/spring-boot-starter-3.1.2.jar:/Users/shemarlundy/.m2/repository/org/springframework/boot/spring-boot/3.1.2/spring-boot-3.1.2.jar:/Users/shemarlundy/.m2/repository/org/springframework/boot/spring-boot-autoconfigure/3.1.2/spring-boot-autoconfigure-3.1.2.jar:/Users/shemarlundy/.m2/repository/org/springframework/boot/spring-boot-starter-logging/3.1.2/spring-boot-starter-logging-3.1.2.jar:/Users/shemarlundy/.m2/repository/ch/qos/logback/logback-classic/1.4.8/logback-classic-1.4.8.jar:/Users/shemarlundy/.m2/repository/ch/qos/logback/logback-core/1.4.8/logback-core-1.4.8.jar:/Users/shemarlundy/.m2/repository/org/apache/logging/log4j/log4j-to-slf4j/2.20.0/log4j-to-slf4j-2.20.0.jar:/Users/shemarlundy/.m2/repository/org/slf4j/jul-to-slf4j/2.0.7/jul-to-slf4j-2.0.7.jar:/Users/shemarlundy/.m2/repository/jakarta/annotation/jakarta.annotation-api/2.1.1/jakarta.annotation-api-2.1.1.jar:/Users/shemarlundy/.m2/repository/org/springframework/spring-aop/6.0.11/spring-aop-6.0.11.jar:/Users/shemarlundy/.m2/repository/org/springframework/security/spring-security-web/6.1.2/spring-security-web-6.1.2.jar:/Users/shemarlundy/.m2/repository/org/springframework/spring-expression/6.0.11/spring-expression-6.0.11.jar:/Users/shemarlundy/.m2/repository/org/springframework/security/spring-security-config/6.0.2/spring-security-config-6.0.2.jar:/Users/shemarlundy/.m2/repository/org/springframework/security/spring-security-core/6.1.2/spring-security-core-6.1.2.jar:/Users/shemarlundy/.m2/repository/org/springframework/security/spring-security-crypto/6.1.2/spring-security-crypto-6.1.2.jar:/Users/shemarlundy/.m2/repository/io/micrometer/micrometer-observation/1.11.2/micrometer-observation-1.11.2.jar:/Users/shemarlundy/.m2/repository/io/micrometer/micrometer-commons/1.11.2/micrometer-commons-1.11.2.jar:/Users/shemarlundy/.m2/repository/org/springframework/spring-beans/6.0.11/spring-beans-6.0.11.jar:/Users/shemarlundy/.m2/repository/org/springframework/spring-context/6.0.11/spring-context-6.0.11.jar:/Users/shemarlundy/.m2/repository/org/springframework/spring-core/6.0.11/spring-core-6.0.11.jar:/Users/shemarlundy/.m2/repository/org/springframework/spring-jcl/6.0.11/spring-jcl-6.0.11.jar:/Users/shemarlundy/.m2/repository/org/springframework/boot/spring-boot-starter-web/3.1.2/spring-boot-starter-web-3.1.2.jar:/Users/shemarlundy/.m2/repository/org/springframework/boot/spring-boot-starter-json/3.1.2/spring-boot-starter-json-3.1.2.jar:/Users/shemarlundy/.m2/repository/com/fasterxml/jackson/datatype/jackson-datatype-jdk8/2.15.2/jackson-datatype-jdk8-2.15.2.jar:/Users/shemarlundy/.m2/repository/com/fasterxml/jackson/datatype/jackson-datatype-jsr310/2.15.2/jackson-datatype-jsr310-2.15.2.jar:/Users/shemarlundy/.m2/repository/com/fasterxml/jackson/module/jackson-module-parameter-names/2.15.2/jackson-module-parameter-names-2.15.2.jar:/Users/shemarlundy/.m2/repository/org/springframework/boot/spring-boot-starter-tomcat/3.1.2/spring-boot-starter-tomcat-3.1.2.jar:/Users/shemarlundy/.m2/repository/org/apache/tomcat/embed/tomcat-embed-core/10.1.11/tomcat-embed-core-10.1.11.jar:/Users/shemarlundy/.m2/repository/org/apache/tomcat/embed/tomcat-embed-el/10.1.11/tomcat-embed-el-10.1.11.jar:/Users/shemarlundy/.m2/repository/org/apache/tomcat/embed/tomcat-embed-websocket/10.1.11/tomcat-embed-websocket-10.1.11.jar:/Users/shemarlundy/.m2/repository/org/springframework/spring-web/6.0.11/spring-web-6.0.11.jar:/Users/shemarlundy/.m2/repository/org/springframework/spring-webmvc/6.0.11/spring-webmvc-6.0.11.jar:/Users/shemarlundy/.m2/repository/org/springframework/boot/spring-boot-starter-data-jpa/3.1.2/spring-boot-starter-data-jpa-3.1.2.jar:/Users/shemarlundy/.m2/repository/org/springframework/boot/spring-boot-starter-aop/3.1.2/spring-boot-starter-aop-3.1.2.jar:/Users/shemarlundy/.m2/repository/org/aspectj/aspectjweaver/1.9.19/aspectjweaver-1.9.19.jar:/Users/shemarlundy/.m2/repository/org/springframework/boot/spring-boot-starter-jdbc/3.1.2/spring-boot-starter-jdbc-3.1.2.jar:/Users/shemarlundy/.m2/repository/com/zaxxer/HikariCP/5.0.1/HikariCP-5.0.1.jar:/Users/shemarlundy/.m2/repository/org/springframework/spring-jdbc/6.0.11/spring-jdbc-6.0.11.jar:/Users/shemarlundy/.m2/repository/org/hibernate/orm/hibernate-core/6.2.6.Final/hibernate-core-6.2.6.Final.jar:/Users/shemarlundy/.m2/repository/jakarta/persistence/jakarta.persistence-api/3.1.0/jakarta.persistence-api-3.1.0.jar:/Users/shemarlundy/.m2/repository/jakarta/transaction/jakarta.transaction-api/2.0.1/jakarta.transaction-api-2.0.1.jar:/Users/shemarlundy/.m2/repository/org/jboss/logging/jboss-logging/3.5.3.Final/jboss-logging-3.5.3.Final.jar:/Users/shemarlundy/.m2/repository/org/hibernate/common/hibernate-commons-annotations/6.0.6.Final/hibernate-commons-annotations-6.0.6.Final.jar:/Users/shemarlundy/.m2/repository/io/smallrye/jandex/3.0.5/jandex-3.0.5.jar:/Users/shemarlundy/.m2/repository/com/fasterxml/classmate/1.5.1/classmate-1.5.1.jar:/Users/shemarlundy/.m2/repository/net/bytebuddy/byte-buddy/1.14.5/byte-buddy-1.14.5.jar:/Users/shemarlundy/.m2/repository/org/glassfish/jaxb/jaxb-runtime/4.0.3/jaxb-runtime-4.0.3.jar:/Users/shemarlundy/.m2/repository/org/glassfish/jaxb/jaxb-core/4.0.3/jaxb-core-4.0.3.jar:/Users/shemarlundy/.m2/repository/org/eclipse/angus/angus-activation/2.0.1/angus-activation-2.0.1.jar:/Users/shemarlundy/.m2/repository/org/glassfish/jaxb/txw2/4.0.3/txw2-4.0.3.jar:/Users/shemarlundy/.m2/repository/com/sun/istack/istack-commons-runtime/4.1.2/istack-commons-runtime-4.1.2.jar:/Users/shemarlundy/.m2/repository/jakarta/inject/jakarta.inject-api/2.0.1/jakarta.inject-api-2.0.1.jar:/Users/shemarlundy/.m2/repository/org/antlr/antlr4-runtime/4.10.1/antlr4-runtime-4.10.1.jar:/Users/shemarlundy/.m2/repository/org/springframework/data/spring-data-jpa/3.1.2/spring-data-jpa-3.1.2.jar:/Users/shemarlundy/.m2/repository/org/springframework/data/spring-data-commons/3.1.2/spring-data-commons-3.1.2.jar:/Users/shemarlundy/.m2/repository/org/springframework/spring-orm/6.0.11/spring-orm-6.0.11.jar:/Users/shemarlundy/.m2/repository/org/springframework/spring-tx/6.0.11/spring-tx-6.0.11.jar:/Users/shemarlundy/.m2/repository/org/slf4j/slf4j-api/2.0.7/slf4j-api-2.0.7.jar:/Users/shemarlundy/.m2/repository/org/springframework/spring-aspects/6.0.11/spring-aspects-6.0.11.jar:/Users/shemarlundy/.m2/repository/org/liquibase/liquibase-core/4.20.0/liquibase-core-4.20.0.jar:/Users/shemarlundy/.m2/repository/javax/xml/bind/jaxb-api/2.3.1/jaxb-api-2.3.1.jar:/Users/shemarlundy/.m2/repository/javax/activation/javax.activation-api/1.2.0/javax.activation-api-1.2.0.jar:/Users/shemarlundy/.m2/repository/org/yaml/snakeyaml/1.33/snakeyaml-1.33.jar:/Users/shemarlundy/.m2/repository/com/opencsv/opencsv/5.7.1/opencsv-5.7.1.jar:/Users/shemarlundy/.m2/repository/org/apache/commons/commons-text/1.10.0/commons-text-1.10.0.jar:/Users/shemarlundy/.m2/repository/org/apache/commons/commons-collections4/4.4/commons-collections4-4.4.jar:/Users/shemarlundy/.m2/repository/org/projectlombok/lombok/1.18.28/lombok-1.18.28.jar:/Users/shemarlundy/.m2/repository/org/mindrot/jbcrypt/0.4/jbcrypt-0.4.jar:/Users/shemarlundy/.m2/repository/javax/validation/validation-api/2.0.1.Final/validation-api-2.0.1.Final.jar:/Users/shemarlundy/.m2/repository/io/jsonwebtoken/jjwt-api/0.11.5/jjwt-api-0.11.5.jar:/Users/shemarlundy/.m2/repository/io/jsonwebtoken/jjwt-impl/0.11.5/jjwt-impl-0.11.5.jar:/Users/shemarlundy/.m2/repository/org/springdoc/springdoc-openapi-starter-webmvc-ui/2.2.0/springdoc-openapi-starter-webmvc-ui-2.2.0.jar:/Users/shemarlundy/.m2/repository/org/springdoc/springdoc-openapi-starter-webmvc-api/2.2.0/springdoc-openapi-starter-webmvc-api-2.2.0.jar:/Users/shemarlundy/.m2/repository/org/springdoc/springdoc-openapi-starter-common/2.2.0/springdoc-openapi-starter-common-2.2.0.jar:/Users/shemarlundy/.m2/repository/io/swagger/core/v3/swagger-core-jakarta/2.2.15/swagger-core-jakarta-2.2.15.jar:/Users/shemarlundy/.m2/repository/io/swagger/core/v3/swagger-annotations-jakarta/2.2.15/swagger-annotations-jakarta-2.2.15.jar:/Users/shemarlundy/.m2/repository/io/swagger/core/v3/swagger-models-jakarta/2.2.15/swagger-models-jakarta-2.2.15.jar:/Users/shemarlundy/.m2/repository/jakarta/validation/jakarta.validation-api/3.0.2/jakarta.validation-api-3.0.2.jar:/Users/shemarlundy/.m2/repository/com/fasterxml/jackson/dataformat/jackson-dataformat-yaml/2.15.2/jackson-dataformat-yaml-2.15.2.jar:/Users/shemarlundy/.m2/repository/org/webjars/swagger-ui/5.2.0/swagger-ui-5.2.0.jar:/Users/shemarlundy/.m2/repository/io/jsonwebtoken/jjwt-jackson/0.11.5/jjwt-jackson-0.11.5.jar:/Users/shemarlundy/.m2/repository/com/fasterxml/jackson/core/jackson-databind/2.15.2/jackson-databind-2.15.2.jar:/Users/shemarlundy/.m2/repository/com/fasterxml/jackson/core/jackson-annotations/2.15.2/jackson-annotations-2.15.2.jar:/Users/shemarlundy/.m2/repository/com/fasterxml/jackson/core/jackson-core/2.15.2/jackson-core-2.15.2.jar:/Users/shemarlundy/.m2/repository/org/apache/commons/commons-lang3/3.12.0/commons-lang3-3.12.0.jar:/Users/shemarlundy/.m2/repository/com/mysql/mysql-connector-j/8.0.33/mysql-connector-j-8.0.33.jar:/Users/shemarlundy/.m2/repository/org/springframework/boot/spring-boot-starter-test/3.1.2/spring-boot-starter-test-3.1.2.jar:/Users/shemarlundy/.m2/repository/org/springframework/boot/spring-boot-test/3.1.2/spring-boot-test-3.1.2.jar:/Users/shemarlundy/.m2/repository/org/springframework/boot/spring-boot-test-autoconfigure/3.1.2/spring-boot-test-autoconfigure-3.1.2.jar:/Users/shemarlundy/.m2/repository/com/jayway/jsonpath/json-path/2.8.0/json-path-2.8.0.jar:/Users/shemarlundy/.m2/repository/jakarta/xml/bind/jakarta.xml.bind-api/4.0.0/jakarta.xml.bind-api-4.0.0.jar:/Users/shemarlundy/.m2/repository/jakarta/activation/jakarta.activation-api/2.1.2/jakarta.activation-api-2.1.2.jar:/Users/shemarlundy/.m2/repository/net/minidev/json-smart/2.4.11/json-smart-2.4.11.jar:/Users/shemarlundy/.m2/repository/net/minidev/accessors-smart/2.4.11/accessors-smart-2.4.11.jar:/Users/shemarlundy/.m2/repository/org/ow2/asm/asm/9.3/asm-9.3.jar:/Users/shemarlundy/.m2/repository/org/assertj/assertj-core/3.24.2/assertj-core-3.24.2.jar:/Users/shemarlundy/.m2/repository/org/hamcrest/hamcrest/2.2/hamcrest-2.2.jar:/Users/shemarlundy/.m2/repository/org/junit/jupiter/junit-jupiter/5.9.3/junit-jupiter-5.9.3.jar:/Users/shemarlundy/.m2/repository/org/junit/jupiter/junit-jupiter-api/5.9.3/junit-jupiter-api-5.9.3.jar:/Users/shemarlundy/.m2/repository/org/opentest4j/opentest4j/1.2.0/opentest4j-1.2.0.jar:/Users/shemarlundy/.m2/repository/org/junit/platform/junit-platform-commons/1.9.3/junit-platform-commons-1.9.3.jar:/Users/shemarlundy/.m2/repository/org/apiguardian/apiguardian-api/1.1.2/apiguardian-api-1.1.2.jar:/Users/shemarlundy/.m2/repository/org/junit/jupiter/junit-jupiter-params/5.9.3/junit-jupiter-params-5.9.3.jar:/Users/shemarlundy/.m2/repository/org/junit/jupiter/junit-jupiter-engine/5.9.3/junit-jupiter-engine-5.9.3.jar:/Users/shemarlundy/.m2/repository/org/junit/platform/junit-platform-engine/1.9.3/junit-platform-engine-1.9.3.jar:/Users/shemarlundy/.m2/repository/org/mockito/mockito-core/5.3.1/mockito-core-5.3.1.jar:/Users/shemarlundy/.m2/repository/net/bytebuddy/byte-buddy-agent/1.14.5/byte-buddy-agent-1.14.5.jar:/Users/shemarlundy/.m2/repository/org/objenesis/objenesis/3.3/objenesis-3.3.jar:/Users/shemarlundy/.m2/repository/org/mockito/mockito-junit-jupiter/5.3.1/mockito-junit-jupiter-5.3.1.jar:/Users/shemarlundy/.m2/repository/org/skyscreamer/jsonassert/1.5.1/jsonassert-1.5.1.jar:/Users/shemarlundy/.m2/repository/com/vaadin/external/google/android-json/0.0.20131108.vaadin1/android-json-0.0.20131108.vaadin1.jar:/Users/shemarlundy/.m2/repository/org/springframework/spring-test/6.0.11/spring-test-6.0.11.jar:/Users/shemarlundy/.m2/repository/org/xmlunit/xmlunit-core/2.9.1/xmlunit-core-2.9.1.jar:/Users/shemarlundy/.m2/repository/org/springframework/security/spring-security-test/6.1.2/spring-security-test-6.1.2.jar:/Users/shemarlundy/.m2/repository/org/apache/logging/log4j/log4j-api/2.14.1/log4j-api-2.14.1.jar:/Users/shemarlundy/.m2/repository/org/apache/logging/log4j/log4j-core/2.14.1/log4j-core-2.14.1.jar:"/>
    <property name="sun.cpu.endian" value="little"/>
    <property name="user.home" value="/Users/shemarlundy"/>
    <property name="user.language" value="en"/>
    <property name="java.specification.vendor" value="Oracle Corporation"/>
    <property name="java.version.date" value="2023-10-17"/>
    <property name="java.home" value="/Users/shemarlundy/Library/Java/JavaVirtualMachines/corretto-17.0.9/Contents/Home"/>
    <property name="file.separator" value="/"/>
    <property name="basedir" value="/Users/shemarlundy/Desktop/Backend-Infrastructure"/>
    <property name="java.vm.compressedOopsMode" value="Zero based"/>
    <property name="line.separator" value="&#10;"/>
    <property name="java.vm.specification.vendor" value="Oracle Corporation"/>
    <property name="java.specification.name" value="Java Platform API Specification"/>
    <property name="FILE_LOG_CHARSET" value="UTF-8"/>
    <property name="java.awt.headless" value="true"/>
    <property name="surefire.real.class.path" value="/Users/shemarlundy/Desktop/Backend-Infrastructure/target/surefire/surefirebooter-20231103202510033_3.jar"/>
    <property name="sun.management.compiler" value="HotSpot 64-Bit Tiered Compilers"/>
    <property name="ftp.nonProxyHosts" value="local|*.local|169.254/16|*.169.254/16"/>
    <property name="java.runtime.version" value="17.0.9+8-LTS"/>
    <property name="user.name" value="shemarlundy"/>
    <property name="path.separator" value=":"/>
    <property name="os.version" value="13.4.1"/>
    <property name="java.runtime.name" value="OpenJDK Runtime Environment"/>
    <property name="file.encoding" value="UTF-8"/>
    <property name="java.vm.name" value="OpenJDK 64-Bit Server VM"/>
    <property name="java.vendor.version" value="Corretto-17.0.9.8.1"/>
    <property name="localRepository" value="/Users/shemarlundy/.m2/repository"/>
    <property name="java.vendor.url.bug" value="https://github.com/corretto/corretto-17/issues/"/>
    <property name="java.io.tmpdir" value="/var/folders/6d/35s5prvn7zvbssspn2jdlnym0000gn/T/"/>
    <property name="idea.version" value="2022.3.2"/>
    <property name="com.zaxxer.hikari.pool_number" value="1"/>
    <property name="java.version" value="17.0.9"/>
    <property name="user.dir" value="/Users/shemarlundy/Desktop/Backend-Infrastructure"/>
    <property name="os.arch" value="x86_64"/>
    <property name="java.vm.specification.name" value="Java Virtual Machine Specification"/>
    <property name="PID" value="28602"/>
    <property name="CONSOLE_LOG_CHARSET" value="UTF-8"/>
    <property name="native.encoding" value="UTF-8"/>
    <property name="java.library.path" value="/Users/shemarlundy/Library/Java/Extensions:/Library/Java/Extensions:/Network/Library/Java/Extensions:/System/Library/Java/Extensions:/usr/lib/java:."/>
    <property name="java.vm.info" value="mixed mode, sharing"/>
    <property name="java.vendor" value="Amazon.com Inc."/>
    <property name="java.vm.version" value="17.0.9+8-LTS"/>
    <property name="sun.io.unicode.encoding" value="UnicodeBig"/>
    <property name="socksNonProxyHosts" value="local|*.local|169.254/16|*.169.254/16"/>
    <property name="java.class.version" value="61.0"/>
  </properties>
  <testcase name="contextLoads" classname="com.June.CourierNetwork.CourierNetworkApplicationTests" time="0.91">
    <system-out><![CDATA[20:25:11.947 [main] INFO org.springframework.test.context.support.AnnotationConfigContextLoaderUtils -- Could not detect default configuration classes for test class [com.June.CourierNetwork.CourierNetworkApplicationTests]: CourierNetworkApplicationTests does not declare any static, non-private, non-final, nested classes annotated with @Configuration.
20:25:12.190 [main] INFO org.springframework.boot.test.context.SpringBootTestContextBootstrapper -- Found @SpringBootConfiguration com.June.CourierNetwork.CourierNetworkApplication for test class com.June.CourierNetwork.CourierNetworkApplicationTests

  .   ____          _            __ _ _
 /\\ / ___'_ __ _ _(_)_ __  __ _ \ \ \ \
( ( )\___ | '_ | '_| | '_ \/ _` | \ \ \ \
 \\/  ___)| |_)| | | | | || (_| |  ) ) ) )
  '  |____| .__|_| |_|_| |_\__, | / / / /
 =========|_|==============|___/=/_/_/_/
 :: Spring Boot ::                (v3.1.2)

2023-11-03T20:25:13.043-05:00  INFO 28602 --- [           main] c.J.C.CourierNetworkApplicationTests     : Starting CourierNetworkApplicationTests using Java 17.0.9 with PID 28602 (started by shemarlundy in /Users/shemarlundy/Desktop/Backend-Infrastructure)
2023-11-03T20:25:13.046-05:00  INFO 28602 --- [           main] c.J.C.CourierNetworkApplicationTests     : No active profile set, falling back to 1 default profile: "default"
2023-11-03T20:25:14.817-05:00  INFO 28602 --- [           main] .s.d.r.c.RepositoryConfigurationDelegate : Bootstrapping Spring Data JPA repositories in DEFAULT mode.
2023-11-03T20:25:14.883-05:00  INFO 28602 --- [           main] .s.d.r.c.RepositoryConfigurationDelegate : Finished Spring Data repository scanning in 49 ms. Found 0 JPA repository interfaces.
2023-11-03T20:25:15.781-05:00  INFO 28602 --- [           main] com.zaxxer.hikari.HikariDataSource       : HikariPool-1 - Starting...
2023-11-03T20:25:16.994-05:00  INFO 28602 --- [           main] com.zaxxer.hikari.pool.HikariPool        : HikariPool-1 - Added connection com.mysql.cj.jdbc.ConnectionImpl@5ec9eefa
2023-11-03T20:25:16.998-05:00  INFO 28602 --- [           main] com.zaxxer.hikari.HikariDataSource       : HikariPool-1 - Start completed.
2023-11-03T20:25:17.592-05:00  INFO 28602 --- [           main] liquibase.changelog                      : Reading resource: db/changelog/migration/001/001_create_user_table.sql
2023-11-03T20:25:17.610-05:00  INFO 28602 --- [           main] liquibase.changelog                      : Reading resource: db/changelog/migration/001/002_create_token_table.sql
2023-11-03T20:25:17.614-05:00  INFO 28602 --- [           main] liquibase.changelog                      : Reading resource: db/changelog/migration/001/003_create_courier_user_table.sql
2023-11-03T20:25:17.620-05:00  INFO 28602 --- [           main] liquibase.changelog                      : Reading resource: db/changelog/migration/001/004_create_warehouse_clerk_user_table.sql
2023-11-03T20:25:17.667-05:00  INFO 28602 --- [           main] liquibase.changelog                      : Reading resource: db/changelog/migration/001/005_create_customer_user_table.sql
2023-11-03T20:25:17.673-05:00  INFO 28602 --- [           main] liquibase.changelog                      : Reading resource: db/changelog/migration/001/006_create_shipment_table.sql
2023-11-03T20:25:17.683-05:00  INFO 28602 --- [           main] liquibase.changelog                      : Reading resource: db/changelog/migration/001/007_create_admin_user_table.sql
2023-11-03T20:25:17.689-05:00  INFO 28602 --- [           main] liquibase.changelog                      : Reading resource: db/changelog/migration/001/008_create_customer_package_details_table.sql
2023-11-03T20:25:17.703-05:00  INFO 28602 --- [           main] liquibase.changelog                      : Reading resource: db/changelog/migration/001/009_create_delivery_details_table.sql
2023-11-03T20:25:17.710-05:00  INFO 28602 --- [           main] liquibase.changelog                      : Reading resource: db/changelog/migration/001/010_alter_delivery_details_table.sql
2023-11-03T20:25:17.717-05:00  INFO 28602 --- [           main] liquibase.changelog                      : Reading resource: db/changelog/migration/001/011_alter_delivery_details_table.sql
2023-11-03T20:25:17.721-05:00  INFO 28602 --- [           main] liquibase.changelog                      : Reading resource: db/changelog/migration/001/012_create_transaction_table.sql
2023-11-03T20:25:17.725-05:00  INFO 28602 --- [           main] liquibase.changelog                      : Reading resource: db/changelog/migration/001/013_create_transaction_product_table.sql
2023-11-03T20:25:17.732-05:00  INFO 28602 --- [           main] liquibase.changelog                      : Reading resource: db/changelog/migration/001/014_create_delivery_product_table.sql
2023-11-03T20:25:17.736-05:00  INFO 28602 --- [           main] liquibase.changelog                      : Reading resource: db/changelog/migration/001/015_alter_delivery_details_table_drop_product_id.sql
2023-11-03T20:25:17.739-05:00  INFO 28602 --- [           main] liquibase.changelog                      : Reading resource: db/changelog/migration/001/016_alter_customer_package_details.sql
2023-11-03T20:25:17.744-05:00  INFO 28602 --- [           main] liquibase.changelog                      : Reading resource: db/changelog/migration/001/017_alter_delivery_details_table_shipping_fee.sql
2023-11-03T20:25:17.748-05:00  INFO 28602 --- [           main] liquibase.changelog                      : Reading resource: db/changelog/migration/001/018_alter_delivery_details.sql
2023-11-03T20:25:17.752-05:00  INFO 28602 --- [           main] liquibase.changelog                      : Reading resource: db/changelog/migration/001/019_alter_customer_package_details.sql
2023-11-03T20:25:18.376-05:00  INFO 28602 --- [           main] liquibase.executor                       : Changelog query completed.
2023-11-03T20:25:18.503-05:00  INFO 28602 --- [           main] liquibase.executor                       : Changelog query completed.
2023-11-03T20:25:18.692-05:00  INFO 28602 --- [           main] liquibase.executor                       : Changelog query completed.
2023-11-03T20:25:18.826-05:00  INFO 28602 --- [           main] liquibase.executor                       : Changelog query completed.
2023-11-03T20:25:18.878-05:00  INFO 28602 --- [           main] liquibase.executor                       : Changelog query completed.
2023-11-03T20:25:18.931-05:00  INFO 28602 --- [           main] liquibase.lockservice                    : Successfully acquired change log lock
2023-11-03T20:25:19.065-05:00  INFO 28602 --- [           main] liquibase.changelog                      : Creating database history table with name: JuneCourierNetwork.DATABASECHANGELOG
2023-11-03T20:25:19.206-05:00  INFO 28602 --- [           main] liquibase.executor                       : Changelog query completed.
2023-11-03T20:25:19.304-05:00  INFO 28602 --- [           main] liquibase.changelog                      : Reading from JuneCourierNetwork.DATABASECHANGELOG
2023-11-03T20:25:19.372-05:00  INFO 28602 --- [           main] liquibase.executor                       : Changelog query completed.
2023-11-03T20:25:19.515-05:00  INFO 28602 --- [           main] liquibase.executor                       : Changelog query completed.
Running Changeset: db/changelog/migration/001/001_create_user_table.sql::001_create_user_table::junecourieradmin.com
2023-11-03T20:25:19.967-05:00  INFO 28602 --- [           main] liquibase.changelog                      : Custom SQL executed
2023-11-03T20:25:20.020-05:00  INFO 28602 --- [           main] liquibase.changelog                      : ChangeSet db/changelog/migration/001/001_create_user_table.sql::001_create_user_table::junecourieradmin.com ran successfully in 306ms
2023-11-03T20:25:20.073-05:00  INFO 28602 --- [           main] liquibase.executor                       : Changelog query completed.
2023-11-03T20:25:20.176-05:00  INFO 28602 --- [           main] liquibase.executor                       : Changelog query completed.
Running Changeset: db/changelog/migration/001/002_create_token_table.sql::002_create_token_table::junecourieradmin.com
2023-11-03T20:25:20.658-05:00  INFO 28602 --- [           main] liquibase.changelog                      : Custom SQL executed
2023-11-03T20:25:20.722-05:00  INFO 28602 --- [           main] liquibase.changelog                      : ChangeSet db/changelog/migration/001/002_create_token_table.sql::002_create_token_table::junecourieradmin.com ran successfully in 442ms
2023-11-03T20:25:20.831-05:00  INFO 28602 --- [           main] liquibase.executor                       : Changelog query completed.
Running Changeset: db/changelog/migration/001/003_create_courier_user_table.sql::003_create_courier_user_table::junecourieradmin.com
2023-11-03T20:25:21.289-05:00  INFO 28602 --- [           main] liquibase.changelog                      : Custom SQL executed
2023-11-03T20:25:21.338-05:00  INFO 28602 --- [           main] liquibase.changelog                      : ChangeSet db/changelog/migration/001/003_create_courier_user_table.sql::003_create_courier_user_table::junecourieradmin.com ran successfully in 411ms
2023-11-03T20:25:21.450-05:00  INFO 28602 --- [           main] liquibase.executor                       : Changelog query completed.
Running Changeset: db/changelog/migration/001/004_create_warehouse_clerk_user_table.sql::004_create_warehouse_clerk_user_table::junecourieradmin.com
2023-11-03T20:25:21.908-05:00  INFO 28602 --- [           main] liquibase.changelog                      : Custom SQL executed
2023-11-03T20:25:21.955-05:00  INFO 28602 --- [           main] liquibase.changelog                      : ChangeSet db/changelog/migration/001/004_create_warehouse_clerk_user_table.sql::004_create_warehouse_clerk_user_table::junecourieradmin.com ran successfully in 405ms
2023-11-03T20:25:22.048-05:00  INFO 28602 --- [           main] liquibase.executor                       : Changelog query completed.
Running Changeset: db/changelog/migration/001/005_create_customer_user_table.sql::005_create_customer_user_table::junecourieradmin.com
2023-11-03T20:25:22.505-05:00  INFO 28602 --- [           main] liquibase.changelog                      : Custom SQL executed
2023-11-03T20:25:22.554-05:00  INFO 28602 --- [           main] liquibase.changelog                      : ChangeSet db/changelog/migration/001/005_create_customer_user_table.sql::005_create_customer_user_table::junecourieradmin.com ran successfully in 406ms
2023-11-03T20:25:22.648-05:00  INFO 28602 --- [           main] liquibase.executor                       : Changelog query completed.
Running Changeset: db/changelog/migration/001/006_create_shipment_table.sql::006_create_shipment_table::junecourieradmin.com
2023-11-03T20:25:22.969-05:00  INFO 28602 --- [           main] liquibase.changelog                      : Custom SQL executed
2023-11-03T20:25:23.017-05:00  INFO 28602 --- [           main] liquibase.changelog                      : ChangeSet db/changelog/migration/001/006_create_shipment_table.sql::006_create_shipment_table::junecourieradmin.com ran successfully in 271ms
2023-11-03T20:25:23.117-05:00  INFO 28602 --- [           main] liquibase.executor                       : Changelog query completed.
Running Changeset: db/changelog/migration/001/007_create_admin_user_table.sql::007_create_admin_user_table::junecourieradmin.com
2023-11-03T20:25:23.569-05:00  INFO 28602 --- [           main] liquibase.changelog                      : Custom SQL executed
2023-11-03T20:25:23.616-05:00  INFO 28602 --- [           main] liquibase.changelog                      : ChangeSet db/changelog/migration/001/007_create_admin_user_table.sql::007_create_admin_user_table::junecourieradmin.com ran successfully in 395ms
2023-11-03T20:25:23.713-05:00  INFO 28602 --- [           main] liquibase.executor                       : Changelog query completed.
Running Changeset: db/changelog/migration/001/008_create_customer_package_details_table.sql::008_create_customer_package_details_table::junecourieradmin.com
2023-11-03T20:25:24.288-05:00  INFO 28602 --- [           main] liquibase.changelog                      : Custom SQL executed
2023-11-03T20:25:24.339-05:00  INFO 28602 --- [           main] liquibase.changelog                      : ChangeSet db/changelog/migration/001/008_create_customer_package_details_table.sql::008_create_customer_package_details_table::junecourieradmin.com ran successfully in 528ms
2023-11-03T20:25:24.443-05:00  INFO 28602 --- [           main] liquibase.executor                       : Changelog query completed.
Running Changeset: db/changelog/migration/001/009_create_delivery_details_table.sql::009_create_delivery_details_table::junecourieradmin.com
2023-11-03T20:25:25.233-05:00  INFO 28602 --- [           main] liquibase.changelog                      : Custom SQL executed
2023-11-03T20:25:25.279-05:00  INFO 28602 --- [           main] liquibase.changelog                      : ChangeSet db/changelog/migration/001/009_create_delivery_details_table.sql::009_create_delivery_details_table::junecourieradmin.com ran successfully in 733ms
2023-11-03T20:25:25.595-05:00  INFO 28602 --- [           main] liquibase.executor                       : Changelog query completed.
Running Changeset: db/changelog/migration/001/010_alter_delivery_details_table.sql::010_alter_delivery_details_table::junecourieradmin.com
2023-11-03T20:25:25.953-05:00  INFO 28602 --- [           main] liquibase.changelog                      : Custom SQL executed
2023-11-03T20:25:26.000-05:00  INFO 28602 --- [           main] liquibase.changelog                      : ChangeSet db/changelog/migration/001/010_alter_delivery_details_table.sql::010_alter_delivery_details_table::junecourieradmin.com ran successfully in 306ms
2023-11-03T20:25:26.094-05:00  INFO 28602 --- [           main] liquibase.executor                       : Changelog query completed.
Running Changeset: db/changelog/migration/001/011_alter_delivery_details_table.sql::011_alter_delivery_details_table::junecourieradmin.com
2023-11-03T20:25:26.456-05:00  INFO 28602 --- [           main] liquibase.changelog                      : Custom SQL executed
2023-11-03T20:25:26.514-05:00  INFO 28602 --- [           main] liquibase.changelog                      : ChangeSet db/changelog/migration/001/011_alter_delivery_details_table.sql::011_alter_delivery_details_table::junecourieradmin.com ran successfully in 313ms
2023-11-03T20:25:26.619-05:00  INFO 28602 --- [           main] liquibase.executor                       : Changelog query completed.
Running Changeset: db/changelog/migration/001/012_create_transaction_table.sql::012_create_transaction_table::junecourieradmin.com
2023-11-03T20:25:27.210-05:00  INFO 28602 --- [           main] liquibase.changelog                      : Custom SQL executed
2023-11-03T20:25:27.257-05:00  INFO 28602 --- [           main] liquibase.changelog                      : ChangeSet db/changelog/migration/001/012_create_transaction_table.sql::012_create_transaction_table::junecourieradmin.com ran successfully in 535ms
2023-11-03T20:25:27.356-05:00  INFO 28602 --- [           main] liquibase.executor                       : Changelog query completed.
Running Changeset: db/changelog/migration/001/013_create_transaction_product_table.sql::012_create_transaction_table::junecourieradmin.com
2023-11-03T20:25:27.936-05:00  INFO 28602 --- [           main] liquibase.changelog                      : Custom SQL executed
2023-11-03T20:25:27.982-05:00  INFO 28602 --- [           main] liquibase.changelog                      : ChangeSet db/changelog/migration/001/013_create_transaction_product_table.sql::012_create_transaction_table::junecourieradmin.com ran successfully in 529ms
2023-11-03T20:25:28.083-05:00  INFO 28602 --- [           main] liquibase.executor                       : Changelog query completed.
Running Changeset: db/changelog/migration/001/014_create_delivery_product_table.sql::014_create_delivery_product_table::junecourieradmin.com
2023-11-03T20:25:28.698-05:00  INFO 28602 --- [           main] liquibase.changelog                      : Custom SQL executed
2023-11-03T20:25:28.747-05:00  INFO 28602 --- [           main] liquibase.changelog                      : ChangeSet db/changelog/migration/001/014_create_delivery_product_table.sql::014_create_delivery_product_table::junecourieradmin.com ran successfully in 550ms
2023-11-03T20:25:28.845-05:00  INFO 28602 --- [           main] liquibase.executor                       : Changelog query completed.
Running Changeset: db/changelog/migration/001/015_alter_delivery_details_table_drop_product_id.sql::015_alter_delivery_details_table_drop_product_id::junecourieradmin.com
2023-11-03T20:25:29.318-05:00  INFO 28602 --- [           main] liquibase.changelog                      : Custom SQL executed
2023-11-03T20:25:29.364-05:00  INFO 28602 --- [           main] liquibase.changelog                      : ChangeSet db/changelog/migration/001/015_alter_delivery_details_table_drop_product_id.sql::015_alter_delivery_details_table_drop_product_id::junecourieradmin.com ran successfully in 414ms
2023-11-03T20:25:29.460-05:00  INFO 28602 --- [           main] liquibase.executor                       : Changelog query completed.
Running Changeset: db/changelog/migration/001/016_alter_customer_package_details.sql::015_alter_delivery_details_table_drop_product_id::junecourieradmin.com
2023-11-03T20:25:29.785-05:00  INFO 28602 --- [           main] liquibase.changelog                      : Custom SQL executed
2023-11-03T20:25:29.845-05:00  INFO 28602 --- [           main] liquibase.changelog                      : ChangeSet db/changelog/migration/001/016_alter_customer_package_details.sql::015_alter_delivery_details_table_drop_product_id::junecourieradmin.com ran successfully in 280ms
2023-11-03T20:25:29.939-05:00  INFO 28602 --- [           main] liquibase.executor                       : Changelog query completed.
Running Changeset: db/changelog/migration/001/017_alter_delivery_details_table_shipping_fee.sql::017_alter_delivery_details_table_shipping_fee::junecourieradmin.com
2023-11-03T20:25:30.252-05:00  INFO 28602 --- [           main] liquibase.changelog                      : Custom SQL executed
2023-11-03T20:25:30.298-05:00  INFO 28602 --- [           main] liquibase.changelog                      : ChangeSet db/changelog/migration/001/017_alter_delivery_details_table_shipping_fee.sql::017_alter_delivery_details_table_shipping_fee::junecourieradmin.com ran successfully in 256ms
2023-11-03T20:25:30.395-05:00  INFO 28602 --- [           main] liquibase.executor                       : Changelog query completed.
Running Changeset: db/changelog/migration/001/018_alter_delivery_details.sql::018_alter_delivery_details::junecourieradmin.com
2023-11-03T20:25:30.728-05:00  INFO 28602 --- [           main] liquibase.changelog                      : Custom SQL executed
2023-11-03T20:25:30.776-05:00  INFO 28602 --- [           main] liquibase.changelog                      : ChangeSet db/changelog/migration/001/018_alter_delivery_details.sql::018_alter_delivery_details::junecourieradmin.com ran successfully in 276ms
2023-11-03T20:25:30.874-05:00  INFO 28602 --- [           main] liquibase.executor                       : Changelog query completed.
Running Changeset: db/changelog/migration/001/019_alter_customer_package_details.sql::019_alter_customer_package_details::junecourieradmin.com
2023-11-03T20:25:31.196-05:00  INFO 28602 --- [           main] liquibase.changelog                      : Custom SQL executed
2023-11-03T20:25:31.242-05:00  INFO 28602 --- [           main] liquibase.changelog                      : ChangeSet db/changelog/migration/001/019_alter_customer_package_details.sql::019_alter_customer_package_details::junecourieradmin.com ran successfully in 268ms
2023-11-03T20:25:31.338-05:00  INFO 28602 --- [           main] liquibase.executor                       : Changelog query completed.
2023-11-03T20:25:31.448-05:00  INFO 28602 --- [           main] liquibase                                : Update command completed successfully.
2023-11-03T20:25:31.544-05:00  INFO 28602 --- [           main] liquibase.executor                       : Changelog query completed.
2023-11-03T20:25:31.596-05:00  INFO 28602 --- [           main] liquibase.lockservice                    : Successfully released change log lock
2023-11-03T20:25:31.862-05:00  INFO 28602 --- [           main] o.hibernate.jpa.internal.util.LogHelper  : HHH000204: Processing PersistenceUnitInfo [name: default]
2023-11-03T20:25:31.960-05:00  INFO 28602 --- [           main] org.hibernate.Version                    : HHH000412: Hibernate ORM core version 6.2.6.Final
2023-11-03T20:25:31.962-05:00  INFO 28602 --- [           main] org.hibernate.cfg.Environment            : HHH000406: Using bytecode reflection optimizer
2023-11-03T20:25:32.220-05:00  INFO 28602 --- [           main] o.h.b.i.BytecodeProviderInitiator        : HHH000021: Bytecode provider name : bytebuddy
2023-11-03T20:25:32.417-05:00  INFO 28602 --- [           main] o.s.o.j.p.SpringPersistenceUnitInfo      : No LoadTimeWeaver setup: ignoring JPA class transformer
2023-11-03T20:25:32.724-05:00  INFO 28602 --- [           main] o.h.b.i.BytecodeProviderInitiator        : HHH000021: Bytecode provider name : bytebuddy
2023-11-03T20:25:33.032-05:00  INFO 28602 --- [           main] o.h.e.t.j.p.i.JtaPlatformInitiator       : HHH000490: Using JtaPlatform implementation: [org.hibernate.engine.transaction.jta.platform.internal.NoJtaPlatform]
2023-11-03T20:25:33.038-05:00  INFO 28602 --- [           main] j.LocalContainerEntityManagerFactoryBean : Initialized JPA EntityManagerFactory for persistence unit 'default'
2023-11-03T20:25:33.607-05:00  WARN 28602 --- [           main] JpaBaseConfiguration$JpaWebConfiguration : spring.jpa.open-in-view is enabled by default. Therefore, database queries may be performed during view rendering. Explicitly configure spring.jpa.open-in-view to disable this warning
2023-11-03T20:25:34.138-05:00  INFO 28602 --- [           main] o.s.s.web.DefaultSecurityFilterChain     : Will secure any request with [org.springframework.security.web.session.DisableEncodeUrlFilter@12051d38, org.springframework.security.web.context.request.async.WebAsyncManagerIntegrationFilter@28f3a218, org.springframework.security.web.context.SecurityContextHolderFilter@2eb9c7ad, org.springframework.security.web.header.HeaderWriterFilter@3d01b609, org.springframework.security.web.authentication.logout.LogoutFilter@391b03b, com.June.CourierNetwork.Auth.JwtAuthenticationFilter@6b576ff8, org.springframework.security.web.savedrequest.RequestCacheAwareFilter@6addfa22, org.springframework.security.web.servletapi.SecurityContextHolderAwareRequestFilter@74b521c, org.springframework.security.web.authentication.AnonymousAuthenticationFilter@67730dab, org.springframework.security.web.session.SessionManagementFilter@64d1f549, org.springframework.security.web.access.ExceptionTranslationFilter@2053b761, org.springframework.security.web.access.intercept.AuthorizationFilter@3d00e981]
2023-11-03T20:25:34.768-05:00  INFO 28602 --- [           main] c.J.C.CourierNetworkApplicationTests     : Started CourierNetworkApplicationTests in 22.242 seconds (process running for 24.476)
]]></system-out>
  </testcase>
</testsuite>