<?xml version="1.0" encoding="UTF-8"?>
<testsuite xmlns:xsi="http://www.w3.org/2001/XMLSchema-instance" xsi:noNamespaceSchemaLocation="https://maven.apache.org/surefire/maven-surefire-plugin/xsd/surefire-test-report-3.0.xsd" version="3.0" name="com.June.CourierNetwork.CourierNetworkApplicationTests" time="32.993" tests="1" errors="0" skipped="0" failures="0">
  <properties>
    <property name="java.specification.version" value="17"/>
    <property name="sun.jnu.encoding" value="UTF-8"/>
    <property name="java.class.path" value="/Users/shemarlundy/Desktop/Backend-Infrastructure/target/test-classes:/Users/shemarlundy/Desktop/Backend-Infrastructure/target/classes:/Users/shemarlundy/.m2/repository/org/springframework/boot/spring-boot-starter-security/3.1.2/spring-boot-starter-security-3.1.2.jar:/Users/shemarlundy/.m2/repository/org/springframework/boot/spring-boot-starter/3.1.2/spring-boot-starter-3.1.2.jar:/Users/shemarlundy/.m2/repository/org/springframework/boot/spring-boot/3.1.2/spring-boot-3.1.2.jar:/Users/shemarlundy/.m2/repository/org/springframework/boot/spring-boot-autoconfigure/3.1.2/spring-boot-autoconfigure-3.1.2.jar:/Users/shemarlundy/.m2/repository/org/springframework/boot/spring-boot-starter-logging/3.1.2/spring-boot-starter-logging-3.1.2.jar:/Users/shemarlundy/.m2/repository/ch/qos/logback/logback-classic/1.4.8/logback-classic-1.4.8.jar:/Users/shemarlundy/.m2/repository/ch/qos/logback/logback-core/1.4.8/logback-core-1.4.8.jar:/Users/shemarlundy/.m2/repository/org/apache/logging/log4j/log4j-to-slf4j/2.20.0/log4j-to-slf4j-2.20.0.jar:/Users/shemarlundy/.m2/repository/org/slf4j/jul-to-slf4j/2.0.7/jul-to-slf4j-2.0.7.jar:/Users/shemarlundy/.m2/repository/jakarta/annotation/jakarta.annotation-api/2.1.1/jakarta.annotation-api-2.1.1.jar:/Users/shemarlundy/.m2/repository/org/springframework/spring-aop/6.0.11/spring-aop-6.0.11.jar:/Users/shemarlundy/.m2/repository/org/springframework/security/spring-security-web/6.1.2/spring-security-web-6.1.2.jar:/Users/shemarlundy/.m2/repository/org/springframework/spring-expression/6.0.11/spring-expression-6.0.11.jar:/Users/shemarlundy/.m2/repository/org/springframework/security/spring-security-config/6.0.2/spring-security-config-6.0.2.jar:/Users/shemarlundy/.m2/repository/org/springframework/security/spring-security-core/6.1.2/spring-security-core-6.1.2.jar:/Users/shemarlundy/.m2/repository/org/springframework/security/spring-security-crypto/6.1.2/spring-security-crypto-6.1.2.jar:/Users/shemarlundy/.m2/repository/io/micrometer/micrometer-observation/1.11.2/micrometer-observation-1.11.2.jar:/Users/shemarlundy/.m2/repository/io/micrometer/micrometer-commons/1.11.2/micrometer-commons-1.11.2.jar:/Users/shemarlundy/.m2/repository/org/springframework/spring-beans/6.0.11/spring-beans-6.0.11.jar:/Users/shemarlundy/.m2/repository/org/springframework/spring-context/6.0.11/spring-context-6.0.11.jar:/Users/shemarlundy/.m2/repository/org/springframework/spring-core/6.0.11/spring-core-6.0.11.jar:/Users/shemarlundy/.m2/repository/org/springframework/spring-jcl/6.0.11/spring-jcl-6.0.11.jar:/Users/shemarlundy/.m2/repository/org/springframework/boot/spring-boot-starter-web/3.1.2/spring-boot-starter-web-3.1.2.jar:/Users/shemarlundy/.m2/repository/org/springframework/boot/spring-boot-starter-json/3.1.2/spring-boot-starter-json-3.1.2.jar:/Users/shemarlundy/.m2/repository/com/fasterxml/jackson/datatype/jackson-datatype-jdk8/2.15.2/jackson-datatype-jdk8-2.15.2.jar:/Users/shemarlundy/.m2/repository/com/fasterxml/jackson/datatype/jackson-datatype-jsr310/2.15.2/jackson-datatype-jsr310-2.15.2.jar:/Users/shemarlundy/.m2/repository/com/fasterxml/jackson/module/jackson-module-parameter-names/2.15.2/jackson-module-parameter-names-2.15.2.jar:/Users/shemarlundy/.m2/repository/org/springframework/boot/spring-boot-starter-tomcat/3.1.2/spring-boot-starter-tomcat-3.1.2.jar:/Users/shemarlundy/.m2/repository/org/apache/tomcat/embed/tomcat-embed-core/10.1.11/tomcat-embed-core-10.1.11.jar:/Users/shemarlundy/.m2/repository/org/apache/tomcat/embed/tomcat-embed-el/10.1.11/tomcat-embed-el-10.1.11.jar:/Users/shemarlundy/.m2/repository/org/apache/tomcat/embed/tomcat-embed-websocket/10.1.11/tomcat-embed-websocket-10.1.11.jar:/Users/shemarlundy/.m2/repository/org/springframework/spring-web/6.0.11/spring-web-6.0.11.jar:/Users/shemarlundy/.m2/repository/org/springframework/spring-webmvc/6.0.11/spring-webmvc-6.0.11.jar:/Users/shemarlundy/.m2/repository/org/springframework/boot/spring-boot-starter-data-jpa/3.1.2/spring-boot-starter-data-jpa-3.1.2.jar:/Users/shemarlundy/.m2/repository/org/springframework/boot/spring-boot-starter-aop/3.1.2/spring-boot-starter-aop-3.1.2.jar:/Users/shemarlundy/.m2/repository/org/aspectj/aspectjweaver/1.9.19/aspectjweaver-1.9.19.jar:/Users/shemarlundy/.m2/repository/org/springframework/boot/spring-boot-starter-jdbc/3.1.2/spring-boot-starter-jdbc-3.1.2.jar:/Users/shemarlundy/.m2/repository/com/zaxxer/HikariCP/5.0.1/HikariCP-5.0.1.jar:/Users/shemarlundy/.m2/repository/org/springframework/spring-jdbc/6.0.11/spring-jdbc-6.0.11.jar:/Users/shemarlundy/.m2/repository/org/hibernate/orm/hibernate-core/6.2.6.Final/hibernate-core-6.2.6.Final.jar:/Users/shemarlundy/.m2/repository/jakarta/persistence/jakarta.persistence-api/3.1.0/jakarta.persistence-api-3.1.0.jar:/Users/shemarlundy/.m2/repository/jakarta/transaction/jakarta.transaction-api/2.0.1/jakarta.transaction-api-2.0.1.jar:/Users/shemarlundy/.m2/repository/org/jboss/logging/jboss-logging/3.5.3.Final/jboss-logging-3.5.3.Final.jar:/Users/shemarlundy/.m2/repository/org/hibernate/common/hibernate-commons-annotations/6.0.6.Final/hibernate-commons-annotations-6.0.6.Final.jar:/Users/shemarlundy/.m2/repository/io/smallrye/jandex/3.0.5/jandex-3.0.5.jar:/Users/shemarlundy/.m2/repository/com/fasterxml/classmate/1.5.1/classmate-1.5.1.jar:/Users/shemarlundy/.m2/repository/net/bytebuddy/byte-buddy/1.14.5/byte-buddy-1.14.5.jar:/Users/shemarlundy/.m2/repository/org/glassfish/jaxb/jaxb-runtime/4.0.3/jaxb-runtime-4.0.3.jar:/Users/shemarlundy/.m2/repository/org/glassfish/jaxb/jaxb-core/4.0.3/jaxb-core-4.0.3.jar:/Users/shemarlundy/.m2/repository/org/eclipse/angus/angus-activation/2.0.1/angus-activation-2.0.1.jar:/Users/shemarlundy/.m2/repository/org/glassfish/jaxb/txw2/4.0.3/txw2-4.0.3.jar:/Users/shemarlundy/.m2/repository/com/sun/istack/istack-commons-runtime/4.1.2/istack-commons-runtime-4.1.2.jar:/Users/shemarlundy/.m2/repository/jakarta/inject/jakarta.inject-api/2.0.1/jakarta.inject-api-2.0.1.jar:/Users/shemarlundy/.m2/repository/org/antlr/antlr4-runtime/4.10.1/antlr4-runtime-4.10.1.jar:/Users/shemarlundy/.m2/repository/org/springframework/data/spring-data-jpa/3.1.2/spring-data-jpa-3.1.2.jar:/Users/shemarlundy/.m2/repository/org/springframework/data/spring-data-commons/3.1.2/spring-data-commons-3.1.2.jar:/Users/shemarlundy/.m2/repository/org/springframework/spring-orm/6.0.11/spring-orm-6.0.11.jar:/Users/shemarlundy/.m2/repository/org/springframework/spring-tx/6.0.11/spring-tx-6.0.11.jar:/Users/shemarlundy/.m2/repository/org/slf4j/slf4j-api/2.0.7/slf4j-api-2.0.7.jar:/Users/shemarlundy/.m2/repository/org/springframework/spring-aspects/6.0.11/spring-aspects-6.0.11.jar:/Users/shemarlundy/.m2/repository/org/liquibase/liquibase-core/4.20.0/liquibase-core-4.20.0.jar:/Users/shemarlundy/.m2/repository/javax/xml/bind/jaxb-api/2.3.1/jaxb-api-2.3.1.jar:/Users/shemarlundy/.m2/repository/javax/activation/javax.activation-api/1.2.0/javax.activation-api-1.2.0.jar:/Users/shemarlundy/.m2/repository/org/yaml/snakeyaml/1.33/snakeyaml-1.33.jar:/Users/shemarlundy/.m2/repository/com/opencsv/opencsv/5.7.1/opencsv-5.7.1.jar:/Users/shemarlundy/.m2/repository/org/apache/commons/commons-text/1.10.0/commons-text-1.10.0.jar:/Users/shemarlundy/.m2/repository/org/apache/commons/commons-collections4/4.4/commons-collections4-4.4.jar:/Users/shemarlundy/.m2/repository/org/projectlombok/lombok/1.18.28/lombok-1.18.28.jar:/Users/shemarlundy/.m2/repository/org/mindrot/jbcrypt/0.4/jbcrypt-0.4.jar:/Users/shemarlundy/.m2/repository/javax/validation/validation-api/2.0.1.Final/validation-api-2.0.1.Final.jar:/Users/shemarlundy/.m2/repository/io/jsonwebtoken/jjwt-api/0.11.5/jjwt-api-0.11.5.jar:/Users/shemarlundy/.m2/repository/io/jsonwebtoken/jjwt-impl/0.11.5/jjwt-impl-0.11.5.jar:/Users/shemarlundy/.m2/repository/org/springdoc/springdoc-openapi-starter-webmvc-ui/2.2.0/springdoc-openapi-starter-webmvc-ui-2.2.0.jar:/Users/shemarlundy/.m2/repository/org/springdoc/springdoc-openapi-starter-webmvc-api/2.2.0/springdoc-openapi-starter-webmvc-api-2.2.0.jar:/Users/shemarlundy/.m2/repository/org/springdoc/springdoc-openapi-starter-common/2.2.0/springdoc-openapi-starter-common-2.2.0.jar:/Users/shemarlundy/.m2/repository/io/swagger/core/v3/swagger-core-jakarta/2.2.15/swagger-core-jakarta-2.2.15.jar:/Users/shemarlundy/.m2/repository/io/swagger/core/v3/swagger-annotations-jakarta/2.2.15/swagger-annotations-jakarta-2.2.15.jar:/Users/shemarlundy/.m2/repository/io/swagger/core/v3/swagger-models-jakarta/2.2.15/swagger-models-jakarta-2.2.15.jar:/Users/shemarlundy/.m2/repository/jakarta/validation/jakarta.validation-api/3.0.2/jakarta.validation-api-3.0.2.jar:/Users/shemarlundy/.m2/repository/com/fasterxml/jackson/dataformat/jackson-dataformat-yaml/2.15.2/jackson-dataformat-yaml-2.15.2.jar:/Users/shemarlundy/.m2/repository/org/webjars/swagger-ui/5.2.0/swagger-ui-5.2.0.jar:/Users/shemarlundy/.m2/repository/io/jsonwebtoken/jjwt-jackson/0.11.5/jjwt-jackson-0.11.5.jar:/Users/shemarlundy/.m2/repository/com/fasterxml/jackson/core/jackson-databind/2.15.2/jackson-databind-2.15.2.jar:/Users/shemarlundy/.m2/repository/com/fasterxml/jackson/core/jackson-annotations/2.15.2/jackson-annotations-2.15.2.jar:/Users/shemarlundy/.m2/repository/com/fasterxml/jackson/core/jackson-core/2.15.2/jackson-core-2.15.2.jar:/Users/shemarlundy/.m2/repository/org/apache/commons/commons-lang3/3.12.0/commons-lang3-3.12.0.jar:/Users/shemarlundy/.m2/repository/com/mysql/mysql-connector-j/8.0.33/mysql-connector-j-8.0.33.jar:/Users/shemarlundy/.m2/repository/org/springframework/boot/spring-boot-starter-test/3.1.2/spring-boot-starter-test-3.1.2.jar:/Users/shemarlundy/.m2/repository/org/springframework/boot/spring-boot-test/3.1.2/spring-boot-test-3.1.2.jar:/Users/shemarlundy/.m2/repository/org/springframework/boot/spring-boot-test-autoconfigure/3.1.2/spring-boot-test-autoconfigure-3.1.2.jar:/Users/shemarlundy/.m2/repository/com/jayway/jsonpath/json-path/2.8.0/json-path-2.8.0.jar:/Users/shemarlundy/.m2/repository/jakarta/xml/bind/jakarta.xml.bind-api/4.0.0/jakarta.xml.bind-api-4.0.0.jar:/Users/shemarlundy/.m2/repository/jakarta/activation/jakarta.activation-api/2.1.2/jakarta.activation-api-2.1.2.jar:/Users/shemarlundy/.m2/repository/net/minidev/json-smart/2.4.11/json-smart-2.4.11.jar:/Users/shemarlundy/.m2/repository/net/minidev/accessors-smart/2.4.11/accessors-smart-2.4.11.jar:/Users/shemarlundy/.m2/repository/org/ow2/asm/asm/9.3/asm-9.3.jar:/Users/shemarlundy/.m2/repository/org/assertj/assertj-core/3.24.2/assertj-core-3.24.2.jar:/Users/shemarlundy/.m2/repository/org/hamcrest/hamcrest/2.2/hamcrest-2.2.jar:/Users/shemarlundy/.m2/repository/org/junit/jupiter/junit-jupiter/5.9.3/junit-jupiter-5.9.3.jar:/Users/shemarlundy/.m2/repository/org/junit/jupiter/junit-jupiter-api/5.9.3/junit-jupiter-api-5.9.3.jar:/Users/shemarlundy/.m2/repository/org/opentest4j/opentest4j/1.2.0/opentest4j-1.2.0.jar:/Users/shemarlundy/.m2/repository/org/junit/platform/junit-platform-commons/1.9.3/junit-platform-commons-1.9.3.jar:/Users/shemarlundy/.m2/repository/org/apiguardian/apiguardian-api/1.1.2/apiguardian-api-1.1.2.jar:/Users/shemarlundy/.m2/repository/org/junit/jupiter/junit-jupiter-params/5.9.3/junit-jupiter-params-5.9.3.jar:/Users/shemarlundy/.m2/repository/org/junit/jupiter/junit-jupiter-engine/5.9.3/junit-jupiter-engine-5.9.3.jar:/Users/shemarlundy/.m2/repository/org/junit/platform/junit-platform-engine/1.9.3/junit-platform-engine-1.9.3.jar:/Users/shemarlundy/.m2/repository/org/mockito/mockito-core/5.3.1/mockito-core-5.3.1.jar:/Users/shemarlundy/.m2/repository/net/bytebuddy/byte-buddy-agent/1.14.5/byte-buddy-agent-1.14.5.jar:/Users/shemarlundy/.m2/repository/org/objenesis/objenesis/3.3/objenesis-3.3.jar:/Users/shemarlundy/.m2/repository/org/mockito/mockito-junit-jupiter/5.3.1/mockito-junit-jupiter-5.3.1.jar:/Users/shemarlundy/.m2/repository/org/skyscreamer/jsonassert/1.5.1/jsonassert-1.5.1.jar:/Users/shemarlundy/.m2/repository/com/vaadin/external/google/android-json/0.0.20131108.vaadin1/android-json-0.0.20131108.vaadin1.jar:/Users/shemarlundy/.m2/repository/org/springframework/spring-test/6.0.11/spring-test-6.0.11.jar:/Users/shemarlundy/.m2/repository/org/xmlunit/xmlunit-core/2.9.1/xmlunit-core-2.9.1.jar:/Users/shemarlundy/.m2/repository/org/springframework/security/spring-security-test/6.1.2/spring-security-test-6.1.2.jar:/Users/shemarlundy/.m2/repository/org/apache/logging/log4j/log4j-api/2.14.1/log4j-api-2.14.1.jar:/Users/shemarlundy/.m2/repository/org/apache/logging/log4j/log4j-core/2.14.1/log4j-core-2.14.1.jar:"/>
    <property name="java.vm.vendor" value="Amazon.com Inc."/>
    <property name="sun.arch.data.model" value="64"/>
    <property name="java.vendor.url" value="https://aws.amazon.com/corretto/"/>
    <property name="user.timezone" value="America/Jamaica"/>
    <property name="org.jboss.logging.provider" value="slf4j"/>
    <property name="os.name" value="Mac OS X"/>
    <property name="java.vm.specification.version" value="17"/>
    <property name="sun.java.launcher" value="SUN_STANDARD"/>
    <property name="user.country" value="US"/>
    <property name="sun.boot.library.path" value="/Users/shemarlundy/Library/Java/JavaVirtualMachines/corretto-17.0.9/Contents/Home/lib"/>
    <property name="sun.java.command" value="/Users/shemarlundy/Desktop/Backend-Infrastructure/target/surefire/surefirebooter-20231103200620409_3.jar /Users/shemarlundy/Desktop/Backend-Infrastructure/target/surefire 2023-11-03T20-06-20_006-jvmRun1 surefire-20231103200620409_1tmp surefire_0-20231103200620409_2tmp"/>
    <property name="http.nonProxyHosts" value="local|*.local|169.254/16|*.169.254/16"/>
    <property name="jdk.debug" value="release"/>
    <property name="surefire.test.class.path" value="/Users/shemarlundy/Desktop/Backend-Infrastructure/target/test-classes:/Users/shemarlundy/Desktop/Backend-Infrastructure/target/classes:/Users/shemarlundy/.m2/repository/org/springframework/boot/spring-boot-starter-security/3.1.2/spring-boot-starter-security-3.1.2.jar:/Users/shemarlundy/.m2/repository/org/springframework/boot/spring-boot-starter/3.1.2/spring-boot-starter-3.1.2.jar:/Users/shemarlundy/.m2/repository/org/springframework/boot/spring-boot/3.1.2/spring-boot-3.1.2.jar:/Users/shemarlundy/.m2/repository/org/springframework/boot/spring-boot-autoconfigure/3.1.2/spring-boot-autoconfigure-3.1.2.jar:/Users/shemarlundy/.m2/repository/org/springframework/boot/spring-boot-starter-logging/3.1.2/spring-boot-starter-logging-3.1.2.jar:/Users/shemarlundy/.m2/repository/ch/qos/logback/logback-classic/1.4.8/logback-classic-1.4.8.jar:/Users/shemarlundy/.m2/repository/ch/qos/logback/logback-core/1.4.8/logback-core-1.4.8.jar:/Users/shemarlundy/.m2/repository/org/apache/logging/log4j/log4j-to-slf4j/2.20.0/log4j-to-slf4j-2.20.0.jar:/Users/shemarlundy/.m2/repository/org/slf4j/jul-to-slf4j/2.0.7/jul-to-slf4j-2.0.7.jar:/Users/shemarlundy/.m2/repository/jakarta/annotation/jakarta.annotation-api/2.1.1/jakarta.annotation-api-2.1.1.jar:/Users/shemarlundy/.m2/repository/org/springframework/spring-aop/6.0.11/spring-aop-6.0.11.jar:/Users/shemarlundy/.m2/repository/org/springframework/security/spring-security-web/6.1.2/spring-security-web-6.1.2.jar:/Users/shemarlundy/.m2/repository/org/springframework/spring-expression/6.0.11/spring-expression-6.0.11.jar:/Users/shemarlundy/.m2/repository/org/springframework/security/spring-security-config/6.0.2/spring-security-config-6.0.2.jar:/Users/shemarlundy/.m2/repository/org/springframework/security/spring-security-core/6.1.2/spring-security-core-6.1.2.jar:/Users/shemarlundy/.m2/repository/org/springframework/security/spring-security-crypto/6.1.2/spring-security-crypto-6.1.2.jar:/Users/shemarlundy/.m2/repository/io/micrometer/micrometer-observation/1.11.2/micrometer-observation-1.11.2.jar:/Users/shemarlundy/.m2/repository/io/micrometer/micrometer-commons/1.11.2/micrometer-commons-1.11.2.jar:/Users/shemarlundy/.m2/repository/org/springframework/spring-beans/6.0.11/spring-beans-6.0.11.jar:/Users/shemarlundy/.m2/repository/org/springframework/spring-context/6.0.11/spring-context-6.0.11.jar:/Users/shemarlundy/.m2/repository/org/springframework/spring-core/6.0.11/spring-core-6.0.11.jar:/Users/shemarlundy/.m2/repository/org/springframework/spring-jcl/6.0.11/spring-jcl-6.0.11.jar:/Users/shemarlundy/.m2/repository/org/springframework/boot/spring-boot-starter-web/3.1.2/spring-boot-starter-web-3.1.2.jar:/Users/shemarlundy/.m2/repository/org/springframework/boot/spring-boot-starter-json/3.1.2/spring-boot-starter-json-3.1.2.jar:/Users/shemarlundy/.m2/repository/com/fasterxml/jackson/datatype/jackson-datatype-jdk8/2.15.2/jackson-datatype-jdk8-2.15.2.jar:/Users/shemarlundy/.m2/repository/com/fasterxml/jackson/datatype/jackson-datatype-jsr310/2.15.2/jackson-datatype-jsr310-2.15.2.jar:/Users/shemarlundy/.m2/repository/com/fasterxml/jackson/module/jackson-module-parameter-names/2.15.2/jackson-module-parameter-names-2.15.2.jar:/Users/shemarlundy/.m2/repository/org/springframework/boot/spring-boot-starter-tomcat/3.1.2/spring-boot-starter-tomcat-3.1.2.jar:/Users/shemarlundy/.m2/repository/org/apache/tomcat/embed/tomcat-embed-core/10.1.11/tomcat-embed-core-10.1.11.jar:/Users/shemarlundy/.m2/repository/org/apache/tomcat/embed/tomcat-embed-el/10.1.11/tomcat-embed-el-10.1.11.jar:/Users/shemarlundy/.m2/repository/org/apache/tomcat/embed/tomcat-embed-websocket/10.1.11/tomcat-embed-websocket-10.1.11.jar:/Users/shemarlundy/.m2/repository/org/springframework/spring-web/6.0.11/spring-web-6.0.11.jar:/Users/shemarlundy/.m2/repository/org/springframework/spring-webmvc/6.0.11/spring-webmvc-6.0.11.jar:/Users/shemarlundy/.m2/repository/org/springframework/boot/spring-boot-starter-data-jpa/3.1.2/spring-boot-starter-data-jpa-3.1.2.jar:/Users/shemarlundy/.m2/repository/org/springframework/boot/spring-boot-starter-aop/3.1.2/spring-boot-starter-aop-3.1.2.jar:/Users/shemarlundy/.m2/repository/org/aspectj/aspectjweaver/1.9.19/aspectjweaver-1.9.19.jar:/Users/shemarlundy/.m2/repository/org/springframework/boot/spring-boot-starter-jdbc/3.1.2/spring-boot-starter-jdbc-3.1.2.jar:/Users/shemarlundy/.m2/repository/com/zaxxer/HikariCP/5.0.1/HikariCP-5.0.1.jar:/Users/shemarlundy/.m2/repository/org/springframework/spring-jdbc/6.0.11/spring-jdbc-6.0.11.jar:/Users/shemarlundy/.m2/repository/org/hibernate/orm/hibernate-core/6.2.6.Final/hibernate-core-6.2.6.Final.jar:/Users/shemarlundy/.m2/repository/jakarta/persistence/jakarta.persistence-api/3.1.0/jakarta.persistence-api-3.1.0.jar:/Users/shemarlundy/.m2/repository/jakarta/transaction/jakarta.transaction-api/2.0.1/jakarta.transaction-api-2.0.1.jar:/Users/shemarlundy/.m2/repository/org/jboss/logging/jboss-logging/3.5.3.Final/jboss-logging-3.5.3.Final.jar:/Users/shemarlundy/.m2/repository/org/hibernate/common/hibernate-commons-annotations/6.0.6.Final/hibernate-commons-annotations-6.0.6.Final.jar:/Users/shemarlundy/.m2/repository/io/smallrye/jandex/3.0.5/jandex-3.0.5.jar:/Users/shemarlundy/.m2/repository/com/fasterxml/classmate/1.5.1/classmate-1.5.1.jar:/Users/shemarlundy/.m2/repository/net/bytebuddy/byte-buddy/1.14.5/byte-buddy-1.14.5.jar:/Users/shemarlundy/.m2/repository/org/glassfish/jaxb/jaxb-runtime/4.0.3/jaxb-runtime-4.0.3.jar:/Users/shemarlundy/.m2/repository/org/glassfish/jaxb/jaxb-core/4.0.3/jaxb-core-4.0.3.jar:/Users/shemarlundy/.m2/repository/org/eclipse/angus/angus-activation/2.0.1/angus-activation-2.0.1.jar:/Users/shemarlundy/.m2/repository/org/glassfish/jaxb/txw2/4.0.3/txw2-4.0.3.jar:/Users/shemarlundy/.m2/repository/com/sun/istack/istack-commons-runtime/4.1.2/istack-commons-runtime-4.1.2.jar:/Users/shemarlundy/.m2/repository/jakarta/inject/jakarta.inject-api/2.0.1/jakarta.inject-api-2.0.1.jar:/Users/shemarlundy/.m2/repository/org/antlr/antlr4-runtime/4.10.1/antlr4-runtime-4.10.1.jar:/Users/shemarlundy/.m2/repository/org/springframework/data/spring-data-jpa/3.1.2/spring-data-jpa-3.1.2.jar:/Users/shemarlundy/.m2/repository/org/springframework/data/spring-data-commons/3.1.2/spring-data-commons-3.1.2.jar:/Users/shemarlundy/.m2/repository/org/springframework/spring-orm/6.0.11/spring-orm-6.0.11.jar:/Users/shemarlundy/.m2/repository/org/springframework/spring-tx/6.0.11/spring-tx-6.0.11.jar:/Users/shemarlundy/.m2/repository/org/slf4j/slf4j-api/2.0.7/slf4j-api-2.0.7.jar:/Users/shemarlundy/.m2/repository/org/springframework/spring-aspects/6.0.11/spring-aspects-6.0.11.jar:/Users/shemarlundy/.m2/repository/org/liquibase/liquibase-core/4.20.0/liquibase-core-4.20.0.jar:/Users/shemarlundy/.m2/repository/javax/xml/bind/jaxb-api/2.3.1/jaxb-api-2.3.1.jar:/Users/shemarlundy/.m2/repository/javax/activation/javax.activation-api/1.2.0/javax.activation-api-1.2.0.jar:/Users/shemarlundy/.m2/repository/org/yaml/snakeyaml/1.33/snakeyaml-1.33.jar:/Users/shemarlundy/.m2/repository/com/opencsv/opencsv/5.7.1/opencsv-5.7.1.jar:/Users/shemarlundy/.m2/repository/org/apache/commons/commons-text/1.10.0/commons-text-1.10.0.jar:/Users/shemarlundy/.m2/repository/org/apache/commons/commons-collections4/4.4/commons-collections4-4.4.jar:/Users/shemarlundy/.m2/repository/org/projectlombok/lombok/1.18.28/lombok-1.18.28.jar:/Users/shemarlundy/.m2/repository/org/mindrot/jbcrypt/0.4/jbcrypt-0.4.jar:/Users/shemarlundy/.m2/repository/javax/validation/validation-api/2.0.1.Final/validation-api-2.0.1.Final.jar:/Users/shemarlundy/.m2/repository/io/jsonwebtoken/jjwt-api/0.11.5/jjwt-api-0.11.5.jar:/Users/shemarlundy/.m2/repository/io/jsonwebtoken/jjwt-impl/0.11.5/jjwt-impl-0.11.5.jar:/Users/shemarlundy/.m2/repository/org/springdoc/springdoc-openapi-starter-webmvc-ui/2.2.0/springdoc-openapi-starter-webmvc-ui-2.2.0.jar:/Users/shemarlundy/.m2/repository/org/springdoc/springdoc-openapi-starter-webmvc-api/2.2.0/springdoc-openapi-starter-webmvc-api-2.2.0.jar:/Users/shemarlundy/.m2/repository/org/springdoc/springdoc-openapi-starter-common/2.2.0/springdoc-openapi-starter-common-2.2.0.jar:/Users/shemarlundy/.m2/repository/io/swagger/core/v3/swagger-core-jakarta/2.2.15/swagger-core-jakarta-2.2.15.jar:/Users/shemarlundy/.m2/repository/io/swagger/core/v3/swagger-annotations-jakarta/2.2.15/swagger-annotations-jakarta-2.2.15.jar:/Users/shemarlundy/.m2/repository/io/swagger/core/v3/swagger-models-jakarta/2.2.15/swagger-models-jakarta-2.2.15.jar:/Users/shemarlundy/.m2/repository/jakarta/validation/jakarta.validation-api/3.0.2/jakarta.validation-api-3.0.2.jar:/Users/shemarlundy/.m2/repository/com/fasterxml/jackson/dataformat/jackson-dataformat-yaml/2.15.2/jackson-dataformat-yaml-2.15.2.jar:/Users/shemarlundy/.m2/repository/org/webjars/swagger-ui/5.2.0/swagger-ui-5.2.0.jar:/Users/shemarlundy/.m2/repository/io/jsonwebtoken/jjwt-jackson/0.11.5/jjwt-jackson-0.11.5.jar:/Users/shemarlundy/.m2/repository/com/fasterxml/jackson/core/jackson-databind/2.15.2/jackson-databind-2.15.2.jar:/Users/shemarlundy/.m2/repository/com/fasterxml/jackson/core/jackson-annotations/2.15.2/jackson-annotations-2.15.2.jar:/Users/shemarlundy/.m2/repository/com/fasterxml/jackson/core/jackson-core/2.15.2/jackson-core-2.15.2.jar:/Users/shemarlundy/.m2/repository/org/apache/commons/commons-lang3/3.12.0/commons-lang3-3.12.0.jar:/Users/shemarlundy/.m2/repository/com/mysql/mysql-connector-j/8.0.33/mysql-connector-j-8.0.33.jar:/Users/shemarlundy/.m2/repository/org/springframework/boot/spring-boot-starter-test/3.1.2/spring-boot-starter-test-3.1.2.jar:/Users/shemarlundy/.m2/repository/org/springframework/boot/spring-boot-test/3.1.2/spring-boot-test-3.1.2.jar:/Users/shemarlundy/.m2/repository/org/springframework/boot/spring-boot-test-autoconfigure/3.1.2/spring-boot-test-autoconfigure-3.1.2.jar:/Users/shemarlundy/.m2/repository/com/jayway/jsonpath/json-path/2.8.0/json-path-2.8.0.jar:/Users/shemarlundy/.m2/repository/jakarta/xml/bind/jakarta.xml.bind-api/4.0.0/jakarta.xml.bind-api-4.0.0.jar:/Users/shemarlundy/.m2/repository/jakarta/activation/jakarta.activation-api/2.1.2/jakarta.activation-api-2.1.2.jar:/Users/shemarlundy/.m2/repository/net/minidev/json-smart/2.4.11/json-smart-2.4.11.jar:/Users/shemarlundy/.m2/repository/net/minidev/accessors-smart/2.4.11/accessors-smart-2.4.11.jar:/Users/shemarlundy/.m2/repository/org/ow2/asm/asm/9.3/asm-9.3.jar:/Users/shemarlundy/.m2/repository/org/assertj/assertj-core/3.24.2/assertj-core-3.24.2.jar:/Users/shemarlundy/.m2/repository/org/hamcrest/hamcrest/2.2/hamcrest-2.2.jar:/Users/shemarlundy/.m2/repository/org/junit/jupiter/junit-jupiter/5.9.3/junit-jupiter-5.9.3.jar:/Users/shemarlundy/.m2/repository/org/junit/jupiter/junit-jupiter-api/5.9.3/junit-jupiter-api-5.9.3.jar:/Users/shemarlundy/.m2/repository/org/opentest4j/opentest4j/1.2.0/opentest4j-1.2.0.jar:/Users/shemarlundy/.m2/repository/org/junit/platform/junit-platform-commons/1.9.3/junit-platform-commons-1.9.3.jar:/Users/shemarlundy/.m2/repository/org/apiguardian/apiguardian-api/1.1.2/apiguardian-api-1.1.2.jar:/Users/shemarlundy/.m2/repository/org/junit/jupiter/junit-jupiter-params/5.9.3/junit-jupiter-params-5.9.3.jar:/Users/shemarlundy/.m2/repository/org/junit/jupiter/junit-jupiter-engine/5.9.3/junit-jupiter-engine-5.9.3.jar:/Users/shemarlundy/.m2/repository/org/junit/platform/junit-platform-engine/1.9.3/junit-platform-engine-1.9.3.jar:/Users/shemarlundy/.m2/repository/org/mockito/mockito-core/5.3.1/mockito-core-5.3.1.jar:/Users/shemarlundy/.m2/repository/net/bytebuddy/byte-buddy-agent/1.14.5/byte-buddy-agent-1.14.5.jar:/Users/shemarlundy/.m2/repository/org/objenesis/objenesis/3.3/objenesis-3.3.jar:/Users/shemarlundy/.m2/repository/org/mockito/mockito-junit-jupiter/5.3.1/mockito-junit-jupiter-5.3.1.jar:/Users/shemarlundy/.m2/repository/org/skyscreamer/jsonassert/1.5.1/jsonassert-1.5.1.jar:/Users/shemarlundy/.m2/repository/com/vaadin/external/google/android-json/0.0.20131108.vaadin1/android-json-0.0.20131108.vaadin1.jar:/Users/shemarlundy/.m2/repository/org/springframework/spring-test/6.0.11/spring-test-6.0.11.jar:/Users/shemarlundy/.m2/repository/org/xmlunit/xmlunit-core/2.9.1/xmlunit-core-2.9.1.jar:/Users/shemarlundy/.m2/repository/org/springframework/security/spring-security-test/6.1.2/spring-security-test-6.1.2.jar:/Users/shemarlundy/.m2/repository/org/apache/logging/log4j/log4j-api/2.14.1/log4j-api-2.14.1.jar:/Users/shemarlundy/.m2/repository/org/apache/logging/log4j/log4j-core/2.14.1/log4j-core-2.14.1.jar:"/>
    <property name="sun.cpu.endian" value="little"/>
    <property name="user.home" value="/Users/shemarlundy"/>
    <property name="user.language" value="en"/>
    <property name="java.specification.vendor" value="Oracle Corporation"/>
    <property name="java.version.date" value="2023-10-17"/>
    <property name="java.home" value="/Users/shemarlundy/Library/Java/JavaVirtualMachines/corretto-17.0.9/Contents/Home"/>
    <property name="file.separator" value="/"/>
    <property name="basedir" value="/Users/shemarlundy/Desktop/Backend-Infrastructure"/>
    <property name="java.vm.compressedOopsMode" value="Zero based"/>
    <property name="line.separator" value="&#10;"/>
    <property name="java.vm.specification.vendor" value="Oracle Corporation"/>
    <property name="java.specification.name" value="Java Platform API Specification"/>
    <property name="FILE_LOG_CHARSET" value="UTF-8"/>
    <property name="java.awt.headless" value="true"/>
    <property name="surefire.real.class.path" value="/Users/shemarlundy/Desktop/Backend-Infrastructure/target/surefire/surefirebooter-20231103200620409_3.jar"/>
    <property name="sun.management.compiler" value="HotSpot 64-Bit Tiered Compilers"/>
    <property name="ftp.nonProxyHosts" value="local|*.local|169.254/16|*.169.254/16"/>
    <property name="java.runtime.version" value="17.0.9+8-LTS"/>
    <property name="user.name" value="shemarlundy"/>
    <property name="path.separator" value=":"/>
    <property name="os.version" value="13.4.1"/>
    <property name="java.runtime.name" value="OpenJDK Runtime Environment"/>
    <property name="file.encoding" value="UTF-8"/>
    <property name="java.vm.name" value="OpenJDK 64-Bit Server VM"/>
    <property name="java.vendor.version" value="Corretto-17.0.9.8.1"/>
    <property name="localRepository" value="/Users/shemarlundy/.m2/repository"/>
    <property name="java.vendor.url.bug" value="https://github.com/corretto/corretto-17/issues/"/>
    <property name="java.io.tmpdir" value="/var/folders/6d/35s5prvn7zvbssspn2jdlnym0000gn/T/"/>
    <property name="idea.version" value="2022.3.2"/>
    <property name="com.zaxxer.hikari.pool_number" value="1"/>
    <property name="java.version" value="17.0.9"/>
    <property name="user.dir" value="/Users/shemarlundy/Desktop/Backend-Infrastructure"/>
    <property name="os.arch" value="x86_64"/>
    <property name="java.vm.specification.name" value="Java Virtual Machine Specification"/>
    <property name="PID" value="28459"/>
    <property name="CONSOLE_LOG_CHARSET" value="UTF-8"/>
    <property name="native.encoding" value="UTF-8"/>
    <property name="java.library.path" value="/Users/shemarlundy/Library/Java/Extensions:/Library/Java/Extensions:/Network/Library/Java/Extensions:/System/Library/Java/Extensions:/usr/lib/java:."/>
    <property name="java.vm.info" value="mixed mode, sharing"/>
    <property name="java.vendor" value="Amazon.com Inc."/>
    <property name="java.vm.version" value="17.0.9+8-LTS"/>
    <property name="sun.io.unicode.encoding" value="UnicodeBig"/>
    <property name="socksNonProxyHosts" value="local|*.local|169.254/16|*.169.254/16"/>
    <property name="java.class.version" value="61.0"/>
  </properties>
  <testcase name="contextLoads" classname="com.June.CourierNetwork.CourierNetworkApplicationTests" time="1.589">
    <system-out><![CDATA[20:06:23.725 [main] INFO org.springframework.test.context.support.AnnotationConfigContextLoaderUtils -- Could not detect default configuration classes for test class [com.June.CourierNetwork.CourierNetworkApplicationTests]: CourierNetworkApplicationTests does not declare any static, non-private, non-final, nested classes annotated with @Configuration.
20:06:24.499 [main] INFO org.springframework.boot.test.context.SpringBootTestContextBootstrapper -- Found @SpringBootConfiguration com.June.CourierNetwork.CourierNetworkApplication for test class com.June.CourierNetwork.CourierNetworkApplicationTests

  .   ____          _            __ _ _
 /\\ / ___'_ __ _ _(_)_ __  __ _ \ \ \ \
( ( )\___ | '_ | '_| | '_ \/ _` | \ \ \ \
 \\/  ___)| |_)| | | | | || (_| |  ) ) ) )
  '  |____| .__|_| |_|_| |_\__, | / / / /
 =========|_|==============|___/=/_/_/_/
 :: Spring Boot ::                (v3.1.2)

2023-11-03T20:06:26.084-05:00  INFO 28459 --- [           main] c.J.C.CourierNetworkApplicationTests     : Starting CourierNetworkApplicationTests using Java 17.0.9 with PID 28459 (started by shemarlundy in /Users/shemarlundy/Desktop/Backend-Infrastructure)
2023-11-03T20:06:26.104-05:00  INFO 28459 --- [           main] c.J.C.CourierNetworkApplicationTests     : No active profile set, falling back to 1 default profile: "default"
2023-11-03T20:06:29.830-05:00  INFO 28459 --- [           main] .s.d.r.c.RepositoryConfigurationDelegate : Bootstrapping Spring Data JPA repositories in DEFAULT mode.
2023-11-03T20:06:29.924-05:00  INFO 28459 --- [           main] .s.d.r.c.RepositoryConfigurationDelegate : Finished Spring Data repository scanning in 54 ms. Found 0 JPA repository interfaces.
2023-11-03T20:06:31.602-05:00  INFO 28459 --- [           main] com.zaxxer.hikari.HikariDataSource       : HikariPool-1 - Starting...
2023-11-03T20:06:33.644-05:00  INFO 28459 --- [           main] com.zaxxer.hikari.pool.HikariPool        : HikariPool-1 - Added connection com.mysql.cj.jdbc.ConnectionImpl@5ec9eefa
2023-11-03T20:06:33.646-05:00  INFO 28459 --- [           main] com.zaxxer.hikari.HikariDataSource       : HikariPool-1 - Start completed.
2023-11-03T20:06:34.358-05:00  INFO 28459 --- [           main] liquibase.changelog                      : Reading resource: db/changelog/migration/001/001_create_user_table.sql
2023-11-03T20:06:34.376-05:00  INFO 28459 --- [           main] liquibase.changelog                      : Reading resource: db/changelog/migration/001/002_create_token_table.sql
2023-11-03T20:06:34.379-05:00  INFO 28459 --- [           main] liquibase.changelog                      : Reading resource: db/changelog/migration/001/003_create_courier_user_table.sql
2023-11-03T20:06:34.385-05:00  INFO 28459 --- [           main] liquibase.changelog                      : Reading resource: db/changelog/migration/001/004_create_warehouse_clerk_user_table.sql
2023-11-03T20:06:34.432-05:00  INFO 28459 --- [           main] liquibase.changelog                      : Reading resource: db/changelog/migration/001/005_create_customer_user_table.sql
2023-11-03T20:06:34.435-05:00  INFO 28459 --- [           main] liquibase.changelog                      : Reading resource: db/changelog/migration/001/006_create_shipment_table.sql
2023-11-03T20:06:34.438-05:00  INFO 28459 --- [           main] liquibase.changelog                      : Reading resource: db/changelog/migration/001/007_create_admin_user_table.sql
2023-11-03T20:06:34.441-05:00  INFO 28459 --- [           main] liquibase.changelog                      : Reading resource: db/changelog/migration/001/008_create_customer_package_details_table.sql
2023-11-03T20:06:34.446-05:00  INFO 28459 --- [           main] liquibase.changelog                      : Reading resource: db/changelog/migration/001/009_create_delivery_details_table.sql
2023-11-03T20:06:34.449-05:00  INFO 28459 --- [           main] liquibase.changelog                      : Reading resource: db/changelog/migration/001/010_alter_delivery_details_table.sql
2023-11-03T20:06:34.454-05:00  INFO 28459 --- [           main] liquibase.changelog                      : Reading resource: db/changelog/migration/001/011_alter_delivery_details_table.sql
2023-11-03T20:06:34.459-05:00  INFO 28459 --- [           main] liquibase.changelog                      : Reading resource: db/changelog/migration/001/012_create_transaction_table.sql
2023-11-03T20:06:34.461-05:00  INFO 28459 --- [           main] liquibase.changelog                      : Reading resource: db/changelog/migration/001/013_create_transaction_product_table.sql
2023-11-03T20:06:34.465-05:00  INFO 28459 --- [           main] liquibase.changelog                      : Reading resource: db/changelog/migration/001/014_create_delivery_product_table.sql
2023-11-03T20:06:34.470-05:00  INFO 28459 --- [           main] liquibase.changelog                      : Reading resource: db/changelog/migration/001/015_alter_delivery_details_table_drop_product_id.sql
2023-11-03T20:06:34.473-05:00  INFO 28459 --- [           main] liquibase.changelog                      : Reading resource: db/changelog/migration/001/016_alter_customer_package_details.sql
2023-11-03T20:06:34.478-05:00  INFO 28459 --- [           main] liquibase.changelog                      : Reading resource: db/changelog/migration/001/017_alter_delivery_details_table_shipping_fee.sql
2023-11-03T20:06:34.482-05:00  INFO 28459 --- [           main] liquibase.changelog                      : Reading resource: db/changelog/migration/001/018_alter_delivery_details.sql
2023-11-03T20:06:34.486-05:00  INFO 28459 --- [           main] liquibase.changelog                      : Reading resource: db/changelog/migration/001/019_alter_customer_package_details.sql
2023-11-03T20:06:35.754-05:00  INFO 28459 --- [           main] liquibase.executor                       : Changelog query completed.
2023-11-03T20:06:35.897-05:00  INFO 28459 --- [           main] liquibase.executor                       : Changelog query completed.
2023-11-03T20:06:36.424-05:00  INFO 28459 --- [           main] liquibase.executor                       : Changelog query completed.
2023-11-03T20:06:36.533-05:00  INFO 28459 --- [           main] liquibase.executor                       : Changelog query completed.
2023-11-03T20:06:36.593-05:00  INFO 28459 --- [           main] liquibase.executor                       : Changelog query completed.
2023-11-03T20:06:36.648-05:00  INFO 28459 --- [           main] liquibase.lockservice                    : Successfully acquired change log lock
2023-11-03T20:06:36.803-05:00  INFO 28459 --- [           main] liquibase.changelog                      : Creating database history table with name: junecouriernetwork.DATABASECHANGELOG
2023-11-03T20:06:36.946-05:00  INFO 28459 --- [           main] liquibase.executor                       : Changelog query completed.
2023-11-03T20:06:37.048-05:00  INFO 28459 --- [           main] liquibase.changelog                      : Reading from junecouriernetwork.DATABASECHANGELOG
2023-11-03T20:06:37.101-05:00  INFO 28459 --- [           main] liquibase.executor                       : Changelog query completed.
2023-11-03T20:06:37.258-05:00  INFO 28459 --- [           main] liquibase.executor                       : Changelog query completed.
Running Changeset: db/changelog/migration/001/001_create_user_table.sql::001_create_user_table::junecourieradmin.com
2023-11-03T20:06:37.694-05:00  INFO 28459 --- [           main] liquibase.changelog                      : Custom SQL executed
2023-11-03T20:06:37.746-05:00  INFO 28459 --- [           main] liquibase.changelog                      : ChangeSet db/changelog/migration/001/001_create_user_table.sql::001_create_user_table::junecourieradmin.com ran successfully in 303ms
2023-11-03T20:06:37.801-05:00  INFO 28459 --- [           main] liquibase.executor                       : Changelog query completed.
2023-11-03T20:06:37.898-05:00  INFO 28459 --- [           main] liquibase.executor                       : Changelog query completed.
Running Changeset: db/changelog/migration/001/002_create_token_table.sql::002_create_token_table::junecourieradmin.com
2023-11-03T20:06:38.400-05:00  INFO 28459 --- [           main] liquibase.changelog                      : Custom SQL executed
2023-11-03T20:06:38.448-05:00  INFO 28459 --- [           main] liquibase.changelog                      : ChangeSet db/changelog/migration/001/002_create_token_table.sql::002_create_token_table::junecourieradmin.com ran successfully in 444ms
2023-11-03T20:06:38.544-05:00  INFO 28459 --- [           main] liquibase.executor                       : Changelog query completed.
Running Changeset: db/changelog/migration/001/003_create_courier_user_table.sql::003_create_courier_user_table::junecourieradmin.com
2023-11-03T20:06:39.015-05:00  INFO 28459 --- [           main] liquibase.changelog                      : Custom SQL executed
2023-11-03T20:06:39.061-05:00  INFO 28459 --- [           main] liquibase.changelog                      : ChangeSet db/changelog/migration/001/003_create_courier_user_table.sql::003_create_courier_user_table::junecourieradmin.com ran successfully in 413ms
2023-11-03T20:06:39.157-05:00  INFO 28459 --- [           main] liquibase.executor                       : Changelog query completed.
Running Changeset: db/changelog/migration/001/004_create_warehouse_clerk_user_table.sql::004_create_warehouse_clerk_user_table::junecourieradmin.com
2023-11-03T20:06:39.621-05:00  INFO 28459 --- [           main] liquibase.changelog                      : Custom SQL executed
2023-11-03T20:06:39.669-05:00  INFO 28459 --- [           main] liquibase.changelog                      : ChangeSet db/changelog/migration/001/004_create_warehouse_clerk_user_table.sql::004_create_warehouse_clerk_user_table::junecourieradmin.com ran successfully in 412ms
2023-11-03T20:06:39.767-05:00  INFO 28459 --- [           main] liquibase.executor                       : Changelog query completed.
Running Changeset: db/changelog/migration/001/005_create_customer_user_table.sql::005_create_customer_user_table::junecourieradmin.com
2023-11-03T20:06:40.269-05:00  INFO 28459 --- [           main] liquibase.changelog                      : Custom SQL executed
2023-11-03T20:06:40.321-05:00  INFO 28459 --- [           main] liquibase.changelog                      : ChangeSet db/changelog/migration/001/005_create_customer_user_table.sql::005_create_customer_user_table::junecourieradmin.com ran successfully in 443ms
2023-11-03T20:06:40.431-05:00  INFO 28459 --- [           main] liquibase.executor                       : Changelog query completed.
Running Changeset: db/changelog/migration/001/006_create_shipment_table.sql::006_create_shipment_table::junecourieradmin.com
2023-11-03T20:06:40.904-05:00  INFO 28459 --- [           main] liquibase.changelog                      : Custom SQL executed
2023-11-03T20:06:40.960-05:00  INFO 28459 --- [           main] liquibase.changelog                      : ChangeSet db/changelog/migration/001/006_create_shipment_table.sql::006_create_shipment_table::junecourieradmin.com ran successfully in 420ms
2023-11-03T20:06:41.158-05:00  INFO 28459 --- [           main] liquibase.executor                       : Changelog query completed.
Running Changeset: db/changelog/migration/001/007_create_admin_user_table.sql::007_create_admin_user_table::junecourieradmin.com
2023-11-03T20:06:41.641-05:00  INFO 28459 --- [           main] liquibase.changelog                      : Custom SQL executed
2023-11-03T20:06:41.689-05:00  INFO 28459 --- [           main] liquibase.changelog                      : ChangeSet db/changelog/migration/001/007_create_admin_user_table.sql::007_create_admin_user_table::junecourieradmin.com ran successfully in 429ms
2023-11-03T20:06:41.791-05:00  INFO 28459 --- [           main] liquibase.executor                       : Changelog query completed.
Running Changeset: db/changelog/migration/001/008_create_customer_package_details_table.sql::008_create_customer_package_details_table::junecourieradmin.com
2023-11-03T20:06:42.422-05:00  INFO 28459 --- [           main] liquibase.changelog                      : Custom SQL executed
2023-11-03T20:06:42.469-05:00  INFO 28459 --- [           main] liquibase.changelog                      : ChangeSet db/changelog/migration/001/008_create_customer_package_details_table.sql::008_create_customer_package_details_table::junecourieradmin.com ran successfully in 567ms
2023-11-03T20:06:42.570-05:00  INFO 28459 --- [           main] liquibase.executor                       : Changelog query completed.
Running Changeset: db/changelog/migration/001/009_create_delivery_details_table.sql::009_create_delivery_details_table::junecourieradmin.com
2023-11-03T20:06:43.348-05:00  INFO 28459 --- [           main] liquibase.changelog                      : Custom SQL executed
2023-11-03T20:06:43.397-05:00  INFO 28459 --- [           main] liquibase.changelog                      : ChangeSet db/changelog/migration/001/009_create_delivery_details_table.sql::009_create_delivery_details_table::junecourieradmin.com ran successfully in 726ms
2023-11-03T20:06:43.495-05:00  INFO 28459 --- [           main] liquibase.executor                       : Changelog query completed.
Running Changeset: db/changelog/migration/001/010_alter_delivery_details_table.sql::010_alter_delivery_details_table::junecourieradmin.com
2023-11-03T20:06:44.107-05:00  INFO 28459 --- [           main] liquibase.changelog                      : Custom SQL executed
2023-11-03T20:06:44.154-05:00  INFO 28459 --- [           main] liquibase.changelog                      : ChangeSet db/changelog/migration/001/010_alter_delivery_details_table.sql::010_alter_delivery_details_table::junecourieradmin.com ran successfully in 551ms
2023-11-03T20:06:44.248-05:00  INFO 28459 --- [           main] liquibase.executor                       : Changelog query completed.
Running Changeset: db/changelog/migration/001/011_alter_delivery_details_table.sql::011_alter_delivery_details_table::junecourieradmin.com
2023-11-03T20:06:44.567-05:00  INFO 28459 --- [           main] liquibase.changelog                      : Custom SQL executed
2023-11-03T20:06:44.613-05:00  INFO 28459 --- [           main] liquibase.changelog                      : ChangeSet db/changelog/migration/001/011_alter_delivery_details_table.sql::011_alter_delivery_details_table::junecourieradmin.com ran successfully in 265ms
2023-11-03T20:06:44.707-05:00  INFO 28459 --- [           main] liquibase.executor                       : Changelog query completed.
Running Changeset: db/changelog/migration/001/012_create_transaction_table.sql::012_create_transaction_table::junecourieradmin.com
2023-11-03T20:06:45.298-05:00  INFO 28459 --- [           main] liquibase.changelog                      : Custom SQL executed
2023-11-03T20:06:45.346-05:00  INFO 28459 --- [           main] liquibase.changelog                      : ChangeSet db/changelog/migration/001/012_create_transaction_table.sql::012_create_transaction_table::junecourieradmin.com ran successfully in 537ms
2023-11-03T20:06:45.445-05:00  INFO 28459 --- [           main] liquibase.executor                       : Changelog query completed.
Running Changeset: db/changelog/migration/001/013_create_transaction_product_table.sql::012_create_transaction_table::junecourieradmin.com
2023-11-03T20:06:46.042-05:00  INFO 28459 --- [           main] liquibase.changelog                      : Custom SQL executed
2023-11-03T20:06:46.090-05:00  INFO 28459 --- [           main] liquibase.changelog                      : ChangeSet db/changelog/migration/001/013_create_transaction_product_table.sql::012_create_transaction_table::junecourieradmin.com ran successfully in 536ms
2023-11-03T20:06:46.184-05:00  INFO 28459 --- [           main] liquibase.executor                       : Changelog query completed.
Running Changeset: db/changelog/migration/001/014_create_delivery_product_table.sql::014_create_delivery_product_table::junecourieradmin.com
2023-11-03T20:06:46.809-05:00  INFO 28459 --- [           main] liquibase.changelog                      : Custom SQL executed
2023-11-03T20:06:46.862-05:00  INFO 28459 --- [           main] liquibase.changelog                      : ChangeSet db/changelog/migration/001/014_create_delivery_product_table.sql::014_create_delivery_product_table::junecourieradmin.com ran successfully in 574ms
2023-11-03T20:06:46.957-05:00  INFO 28459 --- [           main] liquibase.executor                       : Changelog query completed.
Running Changeset: db/changelog/migration/001/015_alter_delivery_details_table_drop_product_id.sql::015_alter_delivery_details_table_drop_product_id::junecourieradmin.com
2023-11-03T20:06:47.429-05:00  INFO 28459 --- [           main] liquibase.changelog                      : Custom SQL executed
2023-11-03T20:06:47.476-05:00  INFO 28459 --- [           main] liquibase.changelog                      : ChangeSet db/changelog/migration/001/015_alter_delivery_details_table_drop_product_id.sql::015_alter_delivery_details_table_drop_product_id::junecourieradmin.com ran successfully in 420ms
2023-11-03T20:06:47.588-05:00  INFO 28459 --- [           main] liquibase.executor                       : Changelog query completed.
Running Changeset: db/changelog/migration/001/016_alter_customer_package_details.sql::015_alter_delivery_details_table_drop_product_id::junecourieradmin.com
2023-11-03T20:06:47.941-05:00  INFO 28459 --- [           main] liquibase.changelog                      : Custom SQL executed
2023-11-03T20:06:47.989-05:00  INFO 28459 --- [           main] liquibase.changelog                      : ChangeSet db/changelog/migration/001/016_alter_customer_package_details.sql::015_alter_delivery_details_table_drop_product_id::junecourieradmin.com ran successfully in 277ms
2023-11-03T20:06:48.082-05:00  INFO 28459 --- [           main] liquibase.executor                       : Changelog query completed.
Running Changeset: db/changelog/migration/001/017_alter_delivery_details_table_shipping_fee.sql::017_alter_delivery_details_table_shipping_fee::junecourieradmin.com
2023-11-03T20:06:48.409-05:00  INFO 28459 --- [           main] liquibase.changelog                      : Custom SQL executed
2023-11-03T20:06:48.455-05:00  INFO 28459 --- [           main] liquibase.changelog                      : ChangeSet db/changelog/migration/001/017_alter_delivery_details_table_shipping_fee.sql::017_alter_delivery_details_table_shipping_fee::junecourieradmin.com ran successfully in 261ms
2023-11-03T20:06:48.566-05:00  INFO 28459 --- [           main] liquibase.executor                       : Changelog query completed.
Running Changeset: db/changelog/migration/001/018_alter_delivery_details.sql::018_alter_delivery_details::junecourieradmin.com
2023-11-03T20:06:48.892-05:00  INFO 28459 --- [           main] liquibase.changelog                      : Custom SQL executed
2023-11-03T20:06:48.939-05:00  INFO 28459 --- [           main] liquibase.changelog                      : ChangeSet db/changelog/migration/001/018_alter_delivery_details.sql::018_alter_delivery_details::junecourieradmin.com ran successfully in 272ms
2023-11-03T20:06:49.035-05:00  INFO 28459 --- [           main] liquibase.executor                       : Changelog query completed.
Running Changeset: db/changelog/migration/001/019_alter_customer_package_details.sql::019_alter_customer_package_details::junecourieradmin.com
2023-11-03T20:06:49.393-05:00  INFO 28459 --- [           main] liquibase.changelog                      : Custom SQL executed
2023-11-03T20:06:49.471-05:00  INFO 28459 --- [           main] liquibase.changelog                      : ChangeSet db/changelog/migration/001/019_alter_customer_package_details.sql::019_alter_customer_package_details::junecourieradmin.com ran successfully in 307ms
2023-11-03T20:06:49.569-05:00  INFO 28459 --- [           main] liquibase.executor                       : Changelog query completed.
2023-11-03T20:06:49.680-05:00  INFO 28459 --- [           main] liquibase                                : Update command completed successfully.
2023-11-03T20:06:49.778-05:00  INFO 28459 --- [           main] liquibase.executor                       : Changelog query completed.
2023-11-03T20:06:49.831-05:00  INFO 28459 --- [           main] liquibase.lockservice                    : Successfully released change log lock
2023-11-03T20:06:50.093-05:00  INFO 28459 --- [           main] o.hibernate.jpa.internal.util.LogHelper  : HHH000204: Processing PersistenceUnitInfo [name: default]
2023-11-03T20:06:50.195-05:00  INFO 28459 --- [           main] org.hibernate.Version                    : HHH000412: Hibernate ORM core version 6.2.6.Final
2023-11-03T20:06:50.197-05:00  INFO 28459 --- [           main] org.hibernate.cfg.Environment            : HHH000406: Using bytecode reflection optimizer
2023-11-03T20:06:50.447-05:00  INFO 28459 --- [           main] o.h.b.i.BytecodeProviderInitiator        : HHH000021: Bytecode provider name : bytebuddy
2023-11-03T20:06:50.804-05:00  INFO 28459 --- [           main] o.s.o.j.p.SpringPersistenceUnitInfo      : No LoadTimeWeaver setup: ignoring JPA class transformer
2023-11-03T20:06:51.129-05:00  INFO 28459 --- [           main] o.h.b.i.BytecodeProviderInitiator        : HHH000021: Bytecode provider name : bytebuddy
2023-11-03T20:06:51.443-05:00  INFO 28459 --- [           main] o.h.e.t.j.p.i.JtaPlatformInitiator       : HHH000490: Using JtaPlatform implementation: [org.hibernate.engine.transaction.jta.platform.internal.NoJtaPlatform]
2023-11-03T20:06:51.449-05:00  INFO 28459 --- [           main] j.LocalContainerEntityManagerFactoryBean : Initialized JPA EntityManagerFactory for persistence unit 'default'
2023-11-03T20:06:52.323-05:00  WARN 28459 --- [           main] JpaBaseConfiguration$JpaWebConfiguration : spring.jpa.open-in-view is enabled by default. Therefore, database queries may be performed during view rendering. Explicitly configure spring.jpa.open-in-view to disable this warning
2023-11-03T20:06:53.246-05:00  INFO 28459 --- [           main] o.s.s.web.DefaultSecurityFilterChain     : Will secure any request with [org.springframework.security.web.session.DisableEncodeUrlFilter@63c163e1, org.springframework.security.web.context.request.async.WebAsyncManagerIntegrationFilter@3da55998, org.springframework.security.web.context.SecurityContextHolderFilter@3f5e64c9, org.springframework.security.web.header.HeaderWriterFilter@524c3e54, org.springframework.security.web.authentication.logout.LogoutFilter@682d8dad, com.June.CourierNetwork.Auth.JwtAuthenticationFilter@f5167f0, org.springframework.security.web.savedrequest.RequestCacheAwareFilter@3d00e981, org.springframework.security.web.servletapi.SecurityContextHolderAwareRequestFilter@6265a548, org.springframework.security.web.authentication.AnonymousAuthenticationFilter@40ebb56, org.springframework.security.web.session.SessionManagementFilter@41dc34c8, org.springframework.security.web.access.ExceptionTranslationFilter@3c862522, org.springframework.security.web.access.intercept.AuthorizationFilter@99af41d]
2023-11-03T20:06:54.215-05:00  INFO 28459 --- [           main] c.J.C.CourierNetworkApplicationTests     : Started CourierNetworkApplicationTests in 29.168 seconds (process running for 33.454)
]]></system-out>
  </testcase>
</testsuite>